0 info it worked if it ends with ok
1 verbose cli [ '/usr/bin/nodejs', '/usr/bin/npm', 'install', 'pg-native' ]
2 info using npm@1.4.21
3 info using node@v0.10.29
4 verbose readDependencies using package.json deps
5 verbose cache add [ 'pg-native', null ]
6 verbose cache add name=undefined spec="pg-native" args=["pg-native",null]
7 verbose parsed url { protocol: null,
7 verbose parsed url   slashes: null,
7 verbose parsed url   auth: null,
7 verbose parsed url   host: null,
7 verbose parsed url   port: null,
7 verbose parsed url   hostname: null,
7 verbose parsed url   hash: null,
7 verbose parsed url   search: null,
7 verbose parsed url   query: null,
7 verbose parsed url   pathname: 'pg-native',
7 verbose parsed url   path: 'pg-native',
7 verbose parsed url   href: 'pg-native' }
8 silly lockFile 2c329611-pg-native pg-native
9 verbose lock pg-native /home/lute/.npm/2c329611-pg-native.lock
10 silly lockFile 2c329611-pg-native pg-native
11 silly lockFile 2c329611-pg-native pg-native
12 verbose addNamed [ 'pg-native', '' ]
13 verbose addNamed [ null, '*' ]
14 silly lockFile 228b2343-pg-native pg-native@
15 verbose lock pg-native@ /home/lute/.npm/228b2343-pg-native.lock
16 silly addNameRange { name: 'pg-native', range: '*', hasData: false }
17 verbose request where is /pg-native
18 verbose request registry https://registry.npmjs.org/
19 verbose request id 58f337d3d3fd3597
20 verbose url raw /pg-native
21 verbose url resolving [ 'https://registry.npmjs.org/', './pg-native' ]
22 verbose url resolved https://registry.npmjs.org/pg-native
23 verbose request where is https://registry.npmjs.org/pg-native
24 info trying registry request attempt 1 at 01:15:52
25 http GET https://registry.npmjs.org/pg-native
26 http 200 https://registry.npmjs.org/pg-native
27 silly registry.get cb [ 200,
27 silly registry.get   { server: 'CouchDB/1.5.0 (Erlang OTP/R16B03)',
27 silly registry.get     etag: '"DA2T2FEJYJPXY21UO6QPNNSBI"',
27 silly registry.get     'content-type': 'application/json',
27 silly registry.get     'cache-control': 'max-age=60',
27 silly registry.get     'content-length': '40570',
27 silly registry.get     'accept-ranges': 'bytes',
27 silly registry.get     date: 'Sun, 21 Jun 2015 23:06:09 GMT',
27 silly registry.get     via: '1.1 varnish',
27 silly registry.get     age: '0',
27 silly registry.get     connection: 'keep-alive',
27 silly registry.get     'x-served-by': 'cache-ams4130-AMS',
27 silly registry.get     'x-cache': 'MISS',
27 silly registry.get     'x-cache-hits': '0',
27 silly registry.get     'x-timer': 'S1434927968.789853,VS0,VE459',
27 silly registry.get     vary: 'Accept' } ]
28 silly addNameRange number 2 { name: 'pg-native', range: '*', hasData: true }
29 silly addNameRange versions [ 'pg-native',
29 silly addNameRange   [ '0.0.1',
29 silly addNameRange     '0.0.2',
29 silly addNameRange     '0.1.0',
29 silly addNameRange     '0.2.0',
29 silly addNameRange     '0.3.0',
29 silly addNameRange     '0.4.0',
29 silly addNameRange     '0.4.1',
29 silly addNameRange     '0.5.0',
29 silly addNameRange     '0.5.1',
29 silly addNameRange     '0.5.2',
29 silly addNameRange     '1.0.0',
29 silly addNameRange     '1.0.1',
29 silly addNameRange     '1.0.2',
29 silly addNameRange     '1.0.3',
29 silly addNameRange     '1.1.0',
29 silly addNameRange     '1.2.0',
29 silly addNameRange     '1.3.0',
29 silly addNameRange     '1.4.0',
29 silly addNameRange     '1.4.1',
29 silly addNameRange     '1.4.2',
29 silly addNameRange     '1.4.3',
29 silly addNameRange     '1.5.0',
29 silly addNameRange     '1.7.2',
29 silly addNameRange     '1.7.3',
29 silly addNameRange     '1.8.0',
29 silly addNameRange     '1.8.1' ] ]
30 verbose addNamed [ 'pg-native', '1.8.1' ]
31 verbose addNamed [ '1.8.1', '1.8.1' ]
32 silly lockFile 6f2f8dde-pg-native-1-8-1 pg-native@1.8.1
33 verbose lock pg-native@1.8.1 /home/lute/.npm/6f2f8dde-pg-native-1-8-1.lock
34 silly lockFile 67d1569e-rg-pg-native-pg-native-1-8-1-tgz https://registry.npmjs.org/pg-native/-/pg-native-1.8.1.tgz
35 verbose lock https://registry.npmjs.org/pg-native/-/pg-native-1.8.1.tgz /home/lute/.npm/67d1569e-rg-pg-native-pg-native-1-8-1-tgz.lock
36 verbose addRemoteTarball [ 'https://registry.npmjs.org/pg-native/-/pg-native-1.8.1.tgz',
36 verbose addRemoteTarball   '121e147c06e7f1ab57d1ec432e3e0a33d36b2a03' ]
37 info retry fetch attempt 1 at 01:15:53
38 verbose fetch to= /tmp/npm-13517-5nv8csFN/registry.npmjs.org/pg-native/-/pg-native-1.8.1.tgz
39 http GET https://registry.npmjs.org/pg-native/-/pg-native-1.8.1.tgz
40 http 200 https://registry.npmjs.org/pg-native/-/pg-native-1.8.1.tgz
41 silly lockFile 67d1569e-rg-pg-native-pg-native-1-8-1-tgz https://registry.npmjs.org/pg-native/-/pg-native-1.8.1.tgz
42 silly lockFile 67d1569e-rg-pg-native-pg-native-1-8-1-tgz https://registry.npmjs.org/pg-native/-/pg-native-1.8.1.tgz
43 silly lockFile 6f2f8dde-pg-native-1-8-1 pg-native@1.8.1
44 silly lockFile 6f2f8dde-pg-native-1-8-1 pg-native@1.8.1
45 silly lockFile 228b2343-pg-native pg-native@
46 silly lockFile 228b2343-pg-native pg-native@
47 silly resolved [ { name: 'pg-native',
47 silly resolved     version: '1.8.1',
47 silly resolved     description: 'A slightly nicer interface to Postgres over node-libpq',
47 silly resolved     main: 'index.js',
47 silly resolved     scripts: { test: 'mocha' },
47 silly resolved     repository:
47 silly resolved      { type: 'git',
47 silly resolved        url: 'git://github.com/brianc/node-pg-native.git' },
47 silly resolved     keywords: [ 'postgres', 'pg', 'libpq' ],
47 silly resolved     author: { name: 'Brian M. Carlson' },
47 silly resolved     license: 'MIT',
47 silly resolved     bugs: { url: 'https://github.com/brianc/node-pg-native/issues' },
47 silly resolved     homepage: 'https://github.com/brianc/node-pg-native',
47 silly resolved     dependencies:
47 silly resolved      { libpq: '^1.6.3',
47 silly resolved        'pg-types': '1.6.0',
47 silly resolved        'readable-stream': '1.0.31' },
47 silly resolved     devDependencies:
47 silly resolved      { 'generic-pool': '^2.1.1',
47 silly resolved        async: '^0.9.0',
47 silly resolved        'concat-stream': '^1.4.6',
47 silly resolved        lodash: '^2.4.1',
47 silly resolved        mocha: '^1.21.4',
47 silly resolved        okay: '^0.3.0',
47 silly resolved        pg: '^3.4.2',
47 silly resolved        semver: '^4.1.0' },
47 silly resolved     gitHead: '45c86dbfa98ba20189e1c09d5bfb4d4eb8b3ab26',
47 silly resolved     _id: 'pg-native@1.8.1',
47 silly resolved     _shasum: '121e147c06e7f1ab57d1ec432e3e0a33d36b2a03',
47 silly resolved     _from: 'pg-native@',
47 silly resolved     _npmVersion: '2.7.4',
47 silly resolved     _nodeVersion: '0.12.2',
47 silly resolved     _npmUser: { name: 'brianc', email: 'brian.m.carlson@gmail.com' },
47 silly resolved     maintainers: [ [Object] ],
47 silly resolved     dist:
47 silly resolved      { shasum: '121e147c06e7f1ab57d1ec432e3e0a33d36b2a03',
47 silly resolved        tarball: 'http://registry.npmjs.org/pg-native/-/pg-native-1.8.1.tgz' },
47 silly resolved     directories: {},
47 silly resolved     _resolved: 'https://registry.npmjs.org/pg-native/-/pg-native-1.8.1.tgz' } ]
48 info install pg-native@1.8.1 into /home/lute/work/quiz
49 info installOne pg-native@1.8.1
50 verbose node_modules/pg-native unbuild
51 verbose tar unpack /home/lute/.npm/pg-native/1.8.1/package.tgz
52 silly lockFile fbefea55-work-quiz-node-modules-pg-native tar:///home/lute/work/quiz/node_modules/pg-native
53 verbose lock tar:///home/lute/work/quiz/node_modules/pg-native /home/lute/.npm/fbefea55-work-quiz-node-modules-pg-native.lock
54 silly lockFile 49d9fc11--npm-pg-native-1-8-1-package-tgz tar:///home/lute/.npm/pg-native/1.8.1/package.tgz
55 verbose lock tar:///home/lute/.npm/pg-native/1.8.1/package.tgz /home/lute/.npm/49d9fc11--npm-pg-native-1-8-1-package-tgz.lock
56 silly gunzTarPerm modes [ '755', '644' ]
57 silly gunzTarPerm extractEntry package.json
58 silly gunzTarPerm extractEntry .npmignore
59 silly gunzTarPerm extractEntry README.md
60 silly gunzTarPerm extractEntry index.js
61 silly gunzTarPerm extractEntry bench/index.js
62 silly gunzTarPerm extractEntry bench/leaks.js
63 silly gunzTarPerm extractEntry .travis.yml
64 silly gunzTarPerm extractEntry Makefile
65 silly gunzTarPerm extractEntry lib/copy-stream.js
66 silly gunzTarPerm extractEntry test/array-mode.js
67 silly gunzTarPerm extractEntry test/custom-types.js
68 silly gunzTarPerm extractEntry test/domains.js
69 silly gunzTarPerm extractEntry test/huge-query.js
70 silly gunzTarPerm extractEntry test/copy-to.js
71 silly gunzTarPerm extractEntry test/async-workflow.js
72 silly gunzTarPerm extractEntry test/many-connections.js
73 silly gunzTarPerm extractEntry test/many-errors.js
74 silly gunzTarPerm extractEntry test/query-sync.js
75 silly gunzTarPerm extractEntry test/multiple-queries.js
76 silly gunzTarPerm extractEntry test/copy-from.js
77 silly gunzTarPerm extractEntry test/notify.js
78 silly gunzTarPerm extractEntry test/connection.js
79 silly gunzTarPerm extractEntry test/prepare.js
80 silly gunzTarPerm extractEntry test/cancel.js
81 silly gunzTarPerm extractEntry test/query-async.js
82 silly gunzTarPerm extractEntry test/index.js
83 silly gunzTarPerm extractEntry test/version.js
84 silly gunzTarPerm extractEntry test/load.js
85 silly gunzTarPerm extractEntry test/mocha.opts
86 silly lockFile fbefea55-work-quiz-node-modules-pg-native tar:///home/lute/work/quiz/node_modules/pg-native
87 silly lockFile fbefea55-work-quiz-node-modules-pg-native tar:///home/lute/work/quiz/node_modules/pg-native
88 silly lockFile 49d9fc11--npm-pg-native-1-8-1-package-tgz tar:///home/lute/.npm/pg-native/1.8.1/package.tgz
89 silly lockFile 49d9fc11--npm-pg-native-1-8-1-package-tgz tar:///home/lute/.npm/pg-native/1.8.1/package.tgz
90 info preinstall pg-native@1.8.1
91 verbose readDependencies using package.json deps
92 verbose readDependencies using package.json deps
93 verbose cache add [ 'libpq@^1.6.3', null ]
94 verbose cache add name=undefined spec="libpq@^1.6.3" args=["libpq@^1.6.3",null]
95 verbose parsed url { protocol: null,
95 verbose parsed url   slashes: null,
95 verbose parsed url   auth: null,
95 verbose parsed url   host: null,
95 verbose parsed url   port: null,
95 verbose parsed url   hostname: null,
95 verbose parsed url   hash: null,
95 verbose parsed url   search: null,
95 verbose parsed url   query: null,
95 verbose parsed url   pathname: 'libpq@^1.6.3',
95 verbose parsed url   path: 'libpq@^1.6.3',
95 verbose parsed url   href: 'libpq@^1.6.3' }
96 verbose cache add [ 'pg-types@1.6.0', null ]
97 verbose cache add name=undefined spec="pg-types@1.6.0" args=["pg-types@1.6.0",null]
98 verbose parsed url { protocol: null,
98 verbose parsed url   slashes: null,
98 verbose parsed url   auth: null,
98 verbose parsed url   host: null,
98 verbose parsed url   port: null,
98 verbose parsed url   hostname: null,
98 verbose parsed url   hash: null,
98 verbose parsed url   search: null,
98 verbose parsed url   query: null,
98 verbose parsed url   pathname: 'pg-types@1.6.0',
98 verbose parsed url   path: 'pg-types@1.6.0',
98 verbose parsed url   href: 'pg-types@1.6.0' }
99 verbose cache add name="libpq" spec="^1.6.3" args=["libpq","^1.6.3"]
100 verbose parsed url { protocol: null,
100 verbose parsed url   slashes: null,
100 verbose parsed url   auth: null,
100 verbose parsed url   host: null,
100 verbose parsed url   port: null,
100 verbose parsed url   hostname: null,
100 verbose parsed url   hash: null,
100 verbose parsed url   search: null,
100 verbose parsed url   query: null,
100 verbose parsed url   pathname: '^1.6.3',
100 verbose parsed url   path: '^1.6.3',
100 verbose parsed url   href: '^1.6.3' }
101 verbose addNamed [ 'libpq', '^1.6.3' ]
102 verbose addNamed [ null, '>=1.6.3-0 <2.0.0-0' ]
103 silly lockFile a898e568-libpq-1-6-3 libpq@^1.6.3
104 verbose lock libpq@^1.6.3 /home/lute/.npm/a898e568-libpq-1-6-3.lock
105 verbose cache add [ 'readable-stream@1.0.31', null ]
106 verbose cache add name=undefined spec="readable-stream@1.0.31" args=["readable-stream@1.0.31",null]
107 verbose parsed url { protocol: null,
107 verbose parsed url   slashes: null,
107 verbose parsed url   auth: null,
107 verbose parsed url   host: null,
107 verbose parsed url   port: null,
107 verbose parsed url   hostname: null,
107 verbose parsed url   hash: null,
107 verbose parsed url   search: null,
107 verbose parsed url   query: null,
107 verbose parsed url   pathname: 'readable-stream@1.0.31',
107 verbose parsed url   path: 'readable-stream@1.0.31',
107 verbose parsed url   href: 'readable-stream@1.0.31' }
108 verbose cache add name="pg-types" spec="1.6.0" args=["pg-types","1.6.0"]
109 verbose parsed url { protocol: null,
109 verbose parsed url   slashes: null,
109 verbose parsed url   auth: null,
109 verbose parsed url   host: null,
109 verbose parsed url   port: null,
109 verbose parsed url   hostname: null,
109 verbose parsed url   hash: null,
109 verbose parsed url   search: null,
109 verbose parsed url   query: null,
109 verbose parsed url   pathname: '1.6.0',
109 verbose parsed url   path: '1.6.0',
109 verbose parsed url   href: '1.6.0' }
110 verbose addNamed [ 'pg-types', '1.6.0' ]
111 verbose addNamed [ '1.6.0', '1.6.0' ]
112 silly lockFile 5da5f546-pg-types-1-6-0 pg-types@1.6.0
113 verbose lock pg-types@1.6.0 /home/lute/.npm/5da5f546-pg-types-1-6-0.lock
114 verbose cache add name="readable-stream" spec="1.0.31" args=["readable-stream","1.0.31"]
115 verbose parsed url { protocol: null,
115 verbose parsed url   slashes: null,
115 verbose parsed url   auth: null,
115 verbose parsed url   host: null,
115 verbose parsed url   port: null,
115 verbose parsed url   hostname: null,
115 verbose parsed url   hash: null,
115 verbose parsed url   search: null,
115 verbose parsed url   query: null,
115 verbose parsed url   pathname: '1.0.31',
115 verbose parsed url   path: '1.0.31',
115 verbose parsed url   href: '1.0.31' }
116 verbose addNamed [ 'readable-stream', '1.0.31' ]
117 verbose addNamed [ '1.0.31', '1.0.31' ]
118 silly lockFile 5c814a69-readable-stream-1-0-31 readable-stream@1.0.31
119 verbose lock readable-stream@1.0.31 /home/lute/.npm/5c814a69-readable-stream-1-0-31.lock
120 silly addNameRange { name: 'libpq', range: '>=1.6.3-0 <2.0.0-0', hasData: false }
121 verbose request where is /libpq
122 verbose request registry https://registry.npmjs.org/
123 verbose url raw /libpq
124 verbose url resolving [ 'https://registry.npmjs.org/', './libpq' ]
125 verbose url resolved https://registry.npmjs.org/libpq
126 verbose request where is https://registry.npmjs.org/libpq
127 info trying registry request attempt 1 at 01:15:55
128 http GET https://registry.npmjs.org/libpq
129 verbose request where is /pg-types
130 verbose request registry https://registry.npmjs.org/
131 verbose url raw /pg-types
132 verbose url resolving [ 'https://registry.npmjs.org/', './pg-types' ]
133 verbose url resolved https://registry.npmjs.org/pg-types
134 verbose request where is https://registry.npmjs.org/pg-types
135 info trying registry request attempt 1 at 01:15:55
136 verbose etag "68I703KAWT8IOHBHH949N4NKO"
137 http GET https://registry.npmjs.org/pg-types
138 verbose request where is /readable-stream
139 verbose request registry https://registry.npmjs.org/
140 verbose url raw /readable-stream
141 verbose url resolving [ 'https://registry.npmjs.org/', './readable-stream' ]
142 verbose url resolved https://registry.npmjs.org/readable-stream
143 verbose request where is https://registry.npmjs.org/readable-stream
144 info trying registry request attempt 1 at 01:15:55
145 verbose etag "6QQE4HTBQDMCQQ41NTEFT0EAP"
146 http GET https://registry.npmjs.org/readable-stream
147 http 304 https://registry.npmjs.org/readable-stream
148 silly registry.get cb [ 304,
148 silly registry.get   { date: 'Sun, 21 Jun 2015 23:06:11 GMT',
148 silly registry.get     via: '1.1 varnish',
148 silly registry.get     'cache-control': 'max-age=60',
148 silly registry.get     etag: '"6QQE4HTBQDMCQQ41NTEFT0EAP"',
148 silly registry.get     age: '6',
148 silly registry.get     connection: 'keep-alive',
148 silly registry.get     'x-served-by': 'cache-ams4149-AMS',
148 silly registry.get     'x-cache': 'HIT',
148 silly registry.get     'x-cache-hits': '1',
148 silly registry.get     'x-timer': 'S1434927971.154891,VS0,VE1',
148 silly registry.get     vary: 'Accept' } ]
149 verbose etag https://registry.npmjs.org/readable-stream from cache
150 silly lockFile 2c014870-tream-readable-stream-1-0-31-tgz https://registry.npmjs.org/readable-stream/-/readable-stream-1.0.31.tgz
151 verbose lock https://registry.npmjs.org/readable-stream/-/readable-stream-1.0.31.tgz /home/lute/.npm/2c014870-tream-readable-stream-1-0-31-tgz.lock
152 verbose addRemoteTarball [ 'https://registry.npmjs.org/readable-stream/-/readable-stream-1.0.31.tgz',
152 verbose addRemoteTarball   '8f2502e0bc9e3b0da1b94520aabb4e2603ecafae' ]
153 info retry fetch attempt 1 at 01:15:55
154 verbose fetch to= /tmp/npm-13517-5nv8csFN/registry.npmjs.org/readable-stream/-/readable-stream-1.0.31.tgz
155 http GET https://registry.npmjs.org/readable-stream/-/readable-stream-1.0.31.tgz
156 http 200 https://registry.npmjs.org/libpq
157 silly registry.get cb [ 200,
157 silly registry.get   { server: 'CouchDB/1.5.0 (Erlang OTP/R16B03)',
157 silly registry.get     etag: '"4P6D8XSSINJRUS5LBK2131H3"',
157 silly registry.get     'content-type': 'application/json',
157 silly registry.get     'cache-control': 'max-age=60',
157 silly registry.get     'content-length': '49364',
157 silly registry.get     'accept-ranges': 'bytes',
157 silly registry.get     date: 'Sun, 21 Jun 2015 23:06:11 GMT',
157 silly registry.get     via: '1.1 varnish',
157 silly registry.get     age: '0',
157 silly registry.get     connection: 'keep-alive',
157 silly registry.get     'x-served-by': 'cache-ams4148-AMS',
157 silly registry.get     'x-cache': 'MISS',
157 silly registry.get     'x-cache-hits': '0',
157 silly registry.get     'x-timer': 'S1434927971.118404,VS0,VE275',
157 silly registry.get     vary: 'Accept' } ]
158 http 304 https://registry.npmjs.org/pg-types
159 silly registry.get cb [ 304,
159 silly registry.get   { date: 'Sun, 21 Jun 2015 23:06:11 GMT',
159 silly registry.get     via: '1.1 varnish',
159 silly registry.get     'cache-control': 'max-age=60',
159 silly registry.get     etag: '"68I703KAWT8IOHBHH949N4NKO"',
159 silly registry.get     age: '0',
159 silly registry.get     connection: 'keep-alive',
159 silly registry.get     'x-served-by': 'cache-ams4146-AMS',
159 silly registry.get     'x-cache': 'MISS',
159 silly registry.get     'x-cache-hits': '0',
159 silly registry.get     'x-timer': 'S1434927971.144372,VS0,VE382',
159 silly registry.get     vary: 'Accept' } ]
160 verbose etag https://registry.npmjs.org/pg-types from cache
161 silly addNameRange number 2 { name: 'libpq', range: '>=1.6.3-0 <2.0.0-0', hasData: true }
162 silly addNameRange versions [ 'libpq',
162 silly addNameRange   [ '0.2.0',
162 silly addNameRange     '0.2.1',
162 silly addNameRange     '0.2.2',
162 silly addNameRange     '0.2.3',
162 silly addNameRange     '0.2.4',
162 silly addNameRange     '0.2.5',
162 silly addNameRange     '0.3.0',
162 silly addNameRange     '0.4.0',
162 silly addNameRange     '0.4.1',
162 silly addNameRange     '0.5.0',
162 silly addNameRange     '0.5.1',
162 silly addNameRange     '0.5.2',
162 silly addNameRange     '0.5.3',
162 silly addNameRange     '1.0.0',
162 silly addNameRange     '1.0.1',
162 silly addNameRange     '1.1.0',
162 silly addNameRange     '1.2.0',
162 silly addNameRange     '1.2.1',
162 silly addNameRange     '1.3.0',
162 silly addNameRange     '1.3.1',
162 silly addNameRange     '1.4.0',
162 silly addNameRange     '1.4.1',
162 silly addNameRange     '1.4.2',
162 silly addNameRange     '1.5.1',
162 silly addNameRange     '1.6.0',
162 silly addNameRange     '1.6.1',
162 silly addNameRange     '1.6.2',
162 silly addNameRange     '1.6.3',
162 silly addNameRange     '1.6.4' ] ]
163 verbose addNamed [ 'libpq', '1.6.4' ]
164 verbose addNamed [ '1.6.4', '1.6.4' ]
165 silly lockFile 64d4fa96-libpq-1-6-4 libpq@1.6.4
166 verbose lock libpq@1.6.4 /home/lute/.npm/64d4fa96-libpq-1-6-4.lock
167 silly lockFile 828f8ef7--npmjs-org-libpq-libpq-1-6-4-tgz https://registry.npmjs.org/libpq/-/libpq-1.6.4.tgz
168 verbose lock https://registry.npmjs.org/libpq/-/libpq-1.6.4.tgz /home/lute/.npm/828f8ef7--npmjs-org-libpq-libpq-1-6-4-tgz.lock
169 verbose addRemoteTarball [ 'https://registry.npmjs.org/libpq/-/libpq-1.6.4.tgz',
169 verbose addRemoteTarball   '2051ad23211c5bfa76cb95e6bed1df2dbc8d273b' ]
170 silly lockFile 5da5f546-pg-types-1-6-0 pg-types@1.6.0
171 silly lockFile 5da5f546-pg-types-1-6-0 pg-types@1.6.0
172 info retry fetch attempt 1 at 01:15:55
173 verbose fetch to= /tmp/npm-13517-5nv8csFN/registry.npmjs.org/libpq/-/libpq-1.6.4.tgz
174 http GET https://registry.npmjs.org/libpq/-/libpq-1.6.4.tgz
175 http 200 https://registry.npmjs.org/readable-stream/-/readable-stream-1.0.31.tgz
176 silly lockFile 2c014870-tream-readable-stream-1-0-31-tgz https://registry.npmjs.org/readable-stream/-/readable-stream-1.0.31.tgz
177 silly lockFile 2c014870-tream-readable-stream-1-0-31-tgz https://registry.npmjs.org/readable-stream/-/readable-stream-1.0.31.tgz
178 silly lockFile 5c814a69-readable-stream-1-0-31 readable-stream@1.0.31
179 silly lockFile 5c814a69-readable-stream-1-0-31 readable-stream@1.0.31
180 http 200 https://registry.npmjs.org/libpq/-/libpq-1.6.4.tgz
181 silly lockFile 828f8ef7--npmjs-org-libpq-libpq-1-6-4-tgz https://registry.npmjs.org/libpq/-/libpq-1.6.4.tgz
182 silly lockFile 828f8ef7--npmjs-org-libpq-libpq-1-6-4-tgz https://registry.npmjs.org/libpq/-/libpq-1.6.4.tgz
183 silly lockFile 64d4fa96-libpq-1-6-4 libpq@1.6.4
184 silly lockFile 64d4fa96-libpq-1-6-4 libpq@1.6.4
185 silly lockFile a898e568-libpq-1-6-3 libpq@^1.6.3
186 silly lockFile a898e568-libpq-1-6-3 libpq@^1.6.3
187 silly resolved [ { name: 'pg-types',
187 silly resolved     version: '1.6.0',
187 silly resolved     description: 'Query result type converters for node-postgres',
187 silly resolved     main: 'index.js',
187 silly resolved     scripts: { test: 'mocha' },
187 silly resolved     repository:
187 silly resolved      { type: 'git',
187 silly resolved        url: 'git://github.com/brianc/node-pg-types.git' },
187 silly resolved     keywords: [ 'postgres', 'PostgreSQL', 'pg' ],
187 silly resolved     author: { name: 'Brian M. Carlson' },
187 silly resolved     license: 'MIT',
187 silly resolved     bugs: { url: 'https://github.com/brianc/node-pg-types/issues' },
187 silly resolved     homepage: 'https://github.com/brianc/node-pg-types',
187 silly resolved     devDependencies: { mocha: '^1.18.0' },
187 silly resolved     _id: 'pg-types@1.6.0',
187 silly resolved     _shasum: '3872a0f199143025497f4ee2a65fdaf00d7ea8b3',
187 silly resolved     _from: 'pg-types@1.6.0',
187 silly resolved     _npmVersion: '1.4.9',
187 silly resolved     _npmUser: { name: 'brianc', email: 'brian.m.carlson@gmail.com' },
187 silly resolved     maintainers: [ [Object] ],
187 silly resolved     dist:
187 silly resolved      { shasum: '3872a0f199143025497f4ee2a65fdaf00d7ea8b3',
187 silly resolved        tarball: 'http://registry.npmjs.org/pg-types/-/pg-types-1.6.0.tgz' },
187 silly resolved     directories: {},
187 silly resolved     _resolved: 'https://registry.npmjs.org/pg-types/-/pg-types-1.6.0.tgz',
187 silly resolved     readme: 'ERROR: No README data found!' },
187 silly resolved   { name: 'readable-stream',
187 silly resolved     version: '1.0.31',
187 silly resolved     description: 'Streams2, a user-land copy of the stream library from Node.js v0.10.x',
187 silly resolved     main: 'readable.js',
187 silly resolved     dependencies:
187 silly resolved      { 'core-util-is': '~1.0.0',
187 silly resolved        isarray: '0.0.1',
187 silly resolved        string_decoder: '~0.10.x',
187 silly resolved        inherits: '~2.0.1' },
187 silly resolved     devDependencies: { tap: '~0.2.6' },
187 silly resolved     scripts: { test: 'tap test/simple/*.js' },
187 silly resolved     repository: { type: 'git', url: 'git://github.com/isaacs/readable-stream' },
187 silly resolved     keywords: [ 'readable', 'stream', 'pipe' ],
187 silly resolved     browser: { util: false },
187 silly resolved     author:
187 silly resolved      { name: 'Isaac Z. Schlueter',
187 silly resolved        email: 'i@izs.me',
187 silly resolved        url: 'http://blog.izs.me/' },
187 silly resolved     license: 'MIT',
187 silly resolved     bugs: { url: 'https://github.com/isaacs/readable-stream/issues' },
187 silly resolved     homepage: 'https://github.com/isaacs/readable-stream',
187 silly resolved     _id: 'readable-stream@1.0.31',
187 silly resolved     _shasum: '8f2502e0bc9e3b0da1b94520aabb4e2603ecafae',
187 silly resolved     _from: 'readable-stream@1.0.31',
187 silly resolved     _npmVersion: '1.4.9',
187 silly resolved     _npmUser: { name: 'rvagg', email: 'rod@vagg.org' },
187 silly resolved     maintainers: [ [Object], [Object], [Object] ],
187 silly resolved     dist:
187 silly resolved      { shasum: '8f2502e0bc9e3b0da1b94520aabb4e2603ecafae',
187 silly resolved        tarball: 'http://registry.npmjs.org/readable-stream/-/readable-stream-1.0.31.tgz' },
187 silly resolved     directories: {},
187 silly resolved     _resolved: 'https://registry.npmjs.org/readable-stream/-/readable-stream-1.0.31.tgz' },
187 silly resolved   { name: 'libpq',
187 silly resolved     version: '1.6.4',
187 silly resolved     description: 'Low-level native bindings to PostgreSQL libpq',
187 silly resolved     main: 'index.js',
187 silly resolved     keywords: [ 'postgres', 'libpq' ],
187 silly resolved     repository: { type: 'git', url: 'git://github.com/brianc/node-libpq.git' },
187 silly resolved     scripts:
187 silly resolved      { test: 'node-gyp rebuild && node_modules/.bin/mocha',
187 silly resolved        install: 'node-gyp rebuild' },
187 silly resolved     author: { name: 'Brian M. Carlson' },
187 silly resolved     license: 'MIT',
187 silly resolved     dependencies: { nan: '^1.8.4', bindings: '1.2.1' },
187 silly resolved     devDependencies:
187 silly resolved      { async: '^0.9.0',
187 silly resolved        lodash: '^2.4.1',
187 silly resolved        mocha: '^1.21.4',
187 silly resolved        okay: '^0.3.0' },
187 silly resolved     gypfile: true,
187 silly resolved     gitHead: 'bf6dbac0022a4cdf535c8b4511f13fc143867676',
187 silly resolved     bugs: { url: 'https://github.com/brianc/node-libpq/issues' },
187 silly resolved     homepage: 'https://github.com/brianc/node-libpq',
187 silly resolved     _id: 'libpq@1.6.4',
187 silly resolved     _shasum: '2051ad23211c5bfa76cb95e6bed1df2dbc8d273b',
187 silly resolved     _from: 'libpq@^1.6.3',
187 silly resolved     _npmVersion: '2.7.4',
187 silly resolved     _nodeVersion: '0.12.2',
187 silly resolved     _npmUser: { name: 'brianc', email: 'brian.m.carlson@gmail.com' },
187 silly resolved     maintainers: [ [Object] ],
187 silly resolved     dist:
187 silly resolved      { shasum: '2051ad23211c5bfa76cb95e6bed1df2dbc8d273b',
187 silly resolved        tarball: 'http://registry.npmjs.org/libpq/-/libpq-1.6.4.tgz' },
187 silly resolved     directories: {},
187 silly resolved     _resolved: 'https://registry.npmjs.org/libpq/-/libpq-1.6.4.tgz' } ]
188 info install pg-types@1.6.0 into /home/lute/work/quiz/node_modules/pg-native
189 info install readable-stream@1.0.31 into /home/lute/work/quiz/node_modules/pg-native
190 info install libpq@1.6.4 into /home/lute/work/quiz/node_modules/pg-native
191 info installOne pg-types@1.6.0
192 info installOne readable-stream@1.0.31
193 info installOne libpq@1.6.4
194 verbose node_modules/pg-native/node_modules/pg-types unbuild
195 verbose tar unpack /home/lute/.npm/pg-types/1.6.0/package.tgz
196 silly lockFile c416c72a--pg-native-node-modules-pg-types tar:///home/lute/work/quiz/node_modules/pg-native/node_modules/pg-types
197 verbose lock tar:///home/lute/work/quiz/node_modules/pg-native/node_modules/pg-types /home/lute/.npm/c416c72a--pg-native-node-modules-pg-types.lock
198 silly lockFile ca406ce6-e-npm-pg-types-1-6-0-package-tgz tar:///home/lute/.npm/pg-types/1.6.0/package.tgz
199 verbose lock tar:///home/lute/.npm/pg-types/1.6.0/package.tgz /home/lute/.npm/ca406ce6-e-npm-pg-types-1-6-0-package-tgz.lock
200 verbose node_modules/pg-native/node_modules/readable-stream unbuild
201 verbose node_modules/pg-native/node_modules/libpq unbuild
202 silly gunzTarPerm modes [ '755', '644' ]
203 verbose tar unpack /home/lute/.npm/readable-stream/1.0.31/package.tgz
204 silly lockFile 58e0d8bc-ive-node-modules-readable-stream tar:///home/lute/work/quiz/node_modules/pg-native/node_modules/readable-stream
205 verbose lock tar:///home/lute/work/quiz/node_modules/pg-native/node_modules/readable-stream /home/lute/.npm/58e0d8bc-ive-node-modules-readable-stream.lock
206 silly lockFile fd1306cf-adable-stream-1-0-31-package-tgz tar:///home/lute/.npm/readable-stream/1.0.31/package.tgz
207 verbose lock tar:///home/lute/.npm/readable-stream/1.0.31/package.tgz /home/lute/.npm/fd1306cf-adable-stream-1-0-31-package-tgz.lock
208 verbose tar unpack /home/lute/.npm/libpq/1.6.4/package.tgz
209 silly lockFile 9437e0fe-les-pg-native-node-modules-libpq tar:///home/lute/work/quiz/node_modules/pg-native/node_modules/libpq
210 verbose lock tar:///home/lute/work/quiz/node_modules/pg-native/node_modules/libpq /home/lute/.npm/9437e0fe-les-pg-native-node-modules-libpq.lock
211 silly lockFile 8a6b8d3d-lute-npm-libpq-1-6-4-package-tgz tar:///home/lute/.npm/libpq/1.6.4/package.tgz
212 verbose lock tar:///home/lute/.npm/libpq/1.6.4/package.tgz /home/lute/.npm/8a6b8d3d-lute-npm-libpq-1-6-4-package-tgz.lock
213 silly gunzTarPerm modes [ '755', '644' ]
214 silly gunzTarPerm modes [ '755', '644' ]
215 silly gunzTarPerm extractEntry package.json
216 silly gunzTarPerm extractEntry .npmignore
217 silly gunzTarPerm extractEntry README.md
218 silly gunzTarPerm extractEntry package.json
219 silly gunzTarPerm modified mode [ 'package.json', 436, 420 ]
220 silly gunzTarPerm extractEntry package.json
221 silly gunzTarPerm extractEntry .npmignore
222 silly gunzTarPerm extractEntry README.md
223 silly gunzTarPerm modified mode [ 'README.md', 436, 420 ]
224 silly gunzTarPerm extractEntry .npmignore
225 silly gunzTarPerm extractEntry README.md
226 silly gunzTarPerm extractEntry index.js
227 silly gunzTarPerm extractEntry .travis.yml
228 silly gunzTarPerm extractEntry LICENSE
229 silly gunzTarPerm modified mode [ 'LICENSE', 436, 420 ]
230 silly gunzTarPerm extractEntry transform.js
231 silly gunzTarPerm extractEntry index.js
232 silly gunzTarPerm extractEntry Makefile
233 silly gunzTarPerm extractEntry lib/arrayParser.js
234 silly gunzTarPerm extractEntry duplex.js
235 silly gunzTarPerm extractEntry readable.js
236 silly gunzTarPerm modified mode [ 'readable.js', 436, 420 ]
237 silly gunzTarPerm extractEntry binding.gyp
238 silly gunzTarPerm extractEntry .travis.yml
239 silly gunzTarPerm extractEntry lib/binaryParsers.js
240 silly gunzTarPerm extractEntry lib/textParsers.js
241 silly gunzTarPerm extractEntry test/array.js
242 silly gunzTarPerm extractEntry test/assert.js
243 silly gunzTarPerm extractEntry test/dates.js
244 silly gunzTarPerm extractEntry test/index.js
245 silly gunzTarPerm extractEntry passthrough.js
246 silly gunzTarPerm extractEntry writable.js
247 silly gunzTarPerm extractEntry lib/_stream_duplex.js
248 silly gunzTarPerm modified mode [ 'lib/_stream_duplex.js', 436, 420 ]
249 silly gunzTarPerm extractEntry lib/_stream_passthrough.js
250 silly gunzTarPerm modified mode [ 'lib/_stream_passthrough.js', 436, 420 ]
251 silly gunzTarPerm extractEntry lib/_stream_readable.js
252 silly gunzTarPerm modified mode [ 'lib/_stream_readable.js', 436, 420 ]
253 silly gunzTarPerm extractEntry lib/_stream_transform.js
254 silly gunzTarPerm modified mode [ 'lib/_stream_transform.js', 436, 420 ]
255 silly gunzTarPerm extractEntry lib/_stream_writable.js
256 silly gunzTarPerm modified mode [ 'lib/_stream_writable.js', 436, 420 ]
257 silly gunzTarPerm extractEntry Makefile
258 silly gunzTarPerm extractEntry src/addon.cc
259 silly gunzTarPerm extractEntry src/addon.h
260 silly gunzTarPerm extractEntry src/connect-async-worker.cc
261 silly gunzTarPerm extractEntry src/connect-async-worker.h
262 silly gunzTarPerm extractEntry src/connection.cc
263 silly gunzTarPerm extractEntry src/connection.h
264 silly gunzTarPerm extractEntry test/async-connection.js
265 silly gunzTarPerm extractEntry test/error-info.js
266 silly gunzTarPerm extractEntry test/escaping.js
267 silly gunzTarPerm extractEntry test/helper.js
268 silly gunzTarPerm extractEntry test/index.js
269 silly gunzTarPerm extractEntry test/error-conditions.js
270 silly gunzTarPerm extractEntry test/many-connections.js
271 silly gunzTarPerm extractEntry test/sync-prepare.js
272 silly gunzTarPerm extractEntry test/multiple-queries.js
273 silly gunzTarPerm extractEntry test/non-blocking-controls.js
274 silly gunzTarPerm extractEntry test/notification.js
275 silly lockFile c416c72a--pg-native-node-modules-pg-types tar:///home/lute/work/quiz/node_modules/pg-native/node_modules/pg-types
276 silly lockFile c416c72a--pg-native-node-modules-pg-types tar:///home/lute/work/quiz/node_modules/pg-native/node_modules/pg-types
277 silly lockFile ca406ce6-e-npm-pg-types-1-6-0-package-tgz tar:///home/lute/.npm/pg-types/1.6.0/package.tgz
278 silly lockFile ca406ce6-e-npm-pg-types-1-6-0-package-tgz tar:///home/lute/.npm/pg-types/1.6.0/package.tgz
279 info preinstall pg-types@1.6.0
280 verbose readDependencies using package.json deps
281 verbose readDependencies using package.json deps
282 silly resolved []
283 verbose about to build /home/lute/work/quiz/node_modules/pg-native/node_modules/pg-types
284 info build /home/lute/work/quiz/node_modules/pg-native/node_modules/pg-types
285 verbose linkStuff [ false,
285 verbose linkStuff   false,
285 verbose linkStuff   false,
285 verbose linkStuff   '/home/lute/work/quiz/node_modules/pg-native/node_modules' ]
286 info linkStuff pg-types@1.6.0
287 verbose linkBins pg-types@1.6.0
288 verbose linkMans pg-types@1.6.0
289 verbose rebuildBundles pg-types@1.6.0
290 info install pg-types@1.6.0
291 info postinstall pg-types@1.6.0
292 silly gunzTarPerm extractEntry test/copy-out.js
293 silly gunzTarPerm extractEntry test/result-accessors.js
294 silly gunzTarPerm extractEntry test/copy-in.js
295 silly gunzTarPerm extractEntry test/socket.js
296 silly lockFile 58e0d8bc-ive-node-modules-readable-stream tar:///home/lute/work/quiz/node_modules/pg-native/node_modules/readable-stream
297 silly lockFile 58e0d8bc-ive-node-modules-readable-stream tar:///home/lute/work/quiz/node_modules/pg-native/node_modules/readable-stream
298 silly lockFile fd1306cf-adable-stream-1-0-31-package-tgz tar:///home/lute/.npm/readable-stream/1.0.31/package.tgz
299 silly lockFile fd1306cf-adable-stream-1-0-31-package-tgz tar:///home/lute/.npm/readable-stream/1.0.31/package.tgz
300 info preinstall readable-stream@1.0.31
301 silly gunzTarPerm extractEntry test/construction.js
302 silly gunzTarPerm extractEntry test/sync-integration.js
303 verbose readDependencies using package.json deps
304 verbose readDependencies using package.json deps
305 verbose cache add [ 'core-util-is@~1.0.0', null ]
306 verbose cache add name=undefined spec="core-util-is@~1.0.0" args=["core-util-is@~1.0.0",null]
307 verbose parsed url { protocol: null,
307 verbose parsed url   slashes: null,
307 verbose parsed url   auth: null,
307 verbose parsed url   host: null,
307 verbose parsed url   port: null,
307 verbose parsed url   hostname: null,
307 verbose parsed url   hash: null,
307 verbose parsed url   search: null,
307 verbose parsed url   query: null,
307 verbose parsed url   pathname: 'core-util-is@~1.0.0',
307 verbose parsed url   path: 'core-util-is@~1.0.0',
307 verbose parsed url   href: 'core-util-is@~1.0.0' }
308 verbose cache add [ 'isarray@0.0.1', null ]
309 verbose cache add name=undefined spec="isarray@0.0.1" args=["isarray@0.0.1",null]
310 verbose parsed url { protocol: null,
310 verbose parsed url   slashes: null,
310 verbose parsed url   auth: null,
310 verbose parsed url   host: null,
310 verbose parsed url   port: null,
310 verbose parsed url   hostname: null,
310 verbose parsed url   hash: null,
310 verbose parsed url   search: null,
310 verbose parsed url   query: null,
310 verbose parsed url   pathname: 'isarray@0.0.1',
310 verbose parsed url   path: 'isarray@0.0.1',
310 verbose parsed url   href: 'isarray@0.0.1' }
311 verbose cache add name="core-util-is" spec="~1.0.0" args=["core-util-is","~1.0.0"]
312 verbose parsed url { protocol: null,
312 verbose parsed url   slashes: null,
312 verbose parsed url   auth: null,
312 verbose parsed url   host: null,
312 verbose parsed url   port: null,
312 verbose parsed url   hostname: null,
312 verbose parsed url   hash: null,
312 verbose parsed url   search: null,
312 verbose parsed url   query: null,
312 verbose parsed url   pathname: '~1.0.0',
312 verbose parsed url   path: '~1.0.0',
312 verbose parsed url   href: '~1.0.0' }
313 verbose addNamed [ 'core-util-is', '~1.0.0' ]
314 verbose addNamed [ null, '>=1.0.0-0 <1.1.0-0' ]
315 silly lockFile 577b60c4-core-util-is-1-0-0 core-util-is@~1.0.0
316 verbose lock core-util-is@~1.0.0 /home/lute/.npm/577b60c4-core-util-is-1-0-0.lock
317 verbose cache add [ 'inherits@~2.0.1', null ]
318 verbose cache add name=undefined spec="inherits@~2.0.1" args=["inherits@~2.0.1",null]
319 verbose parsed url { protocol: null,
319 verbose parsed url   slashes: null,
319 verbose parsed url   auth: null,
319 verbose parsed url   host: null,
319 verbose parsed url   port: null,
319 verbose parsed url   hostname: null,
319 verbose parsed url   hash: null,
319 verbose parsed url   search: null,
319 verbose parsed url   query: null,
319 verbose parsed url   pathname: 'inherits@~2.0.1',
319 verbose parsed url   path: 'inherits@~2.0.1',
319 verbose parsed url   href: 'inherits@~2.0.1' }
320 verbose cache add [ 'string_decoder@~0.10.x', null ]
321 verbose cache add name=undefined spec="string_decoder@~0.10.x" args=["string_decoder@~0.10.x",null]
322 verbose parsed url { protocol: null,
322 verbose parsed url   slashes: null,
322 verbose parsed url   auth: null,
322 verbose parsed url   host: null,
322 verbose parsed url   port: null,
322 verbose parsed url   hostname: null,
322 verbose parsed url   hash: null,
322 verbose parsed url   search: null,
322 verbose parsed url   query: null,
322 verbose parsed url   pathname: 'string_decoder@~0.10.x',
322 verbose parsed url   path: 'string_decoder@~0.10.x',
322 verbose parsed url   href: 'string_decoder@~0.10.x' }
323 verbose cache add name="isarray" spec="0.0.1" args=["isarray","0.0.1"]
324 verbose parsed url { protocol: null,
324 verbose parsed url   slashes: null,
324 verbose parsed url   auth: null,
324 verbose parsed url   host: null,
324 verbose parsed url   port: null,
324 verbose parsed url   hostname: null,
324 verbose parsed url   hash: null,
324 verbose parsed url   search: null,
324 verbose parsed url   query: null,
324 verbose parsed url   pathname: '0.0.1',
324 verbose parsed url   path: '0.0.1',
324 verbose parsed url   href: '0.0.1' }
325 verbose addNamed [ 'isarray', '0.0.1' ]
326 verbose addNamed [ '0.0.1', '0.0.1' ]
327 silly lockFile 9efe11b1-isarray-0-0-1 isarray@0.0.1
328 verbose lock isarray@0.0.1 /home/lute/.npm/9efe11b1-isarray-0-0-1.lock
329 verbose cache add name="inherits" spec="~2.0.1" args=["inherits","~2.0.1"]
330 verbose parsed url { protocol: null,
330 verbose parsed url   slashes: null,
330 verbose parsed url   auth: null,
330 verbose parsed url   host: null,
330 verbose parsed url   port: null,
330 verbose parsed url   hostname: null,
330 verbose parsed url   hash: null,
330 verbose parsed url   search: null,
330 verbose parsed url   query: null,
330 verbose parsed url   pathname: '~2.0.1',
330 verbose parsed url   path: '~2.0.1',
330 verbose parsed url   href: '~2.0.1' }
331 verbose addNamed [ 'inherits', '~2.0.1' ]
332 verbose addNamed [ null, '>=2.0.1-0 <2.1.0-0' ]
333 silly lockFile 098ef39f-inherits-2-0-1 inherits@~2.0.1
334 verbose lock inherits@~2.0.1 /home/lute/.npm/098ef39f-inherits-2-0-1.lock
335 verbose cache add name="string_decoder" spec="~0.10.x" args=["string_decoder","~0.10.x"]
336 verbose parsed url { protocol: null,
336 verbose parsed url   slashes: null,
336 verbose parsed url   auth: null,
336 verbose parsed url   host: null,
336 verbose parsed url   port: null,
336 verbose parsed url   hostname: null,
336 verbose parsed url   hash: null,
336 verbose parsed url   search: null,
336 verbose parsed url   query: null,
336 verbose parsed url   pathname: '~0.10.x',
336 verbose parsed url   path: '~0.10.x',
336 verbose parsed url   href: '~0.10.x' }
337 verbose addNamed [ 'string_decoder', '~0.10.x' ]
338 verbose addNamed [ null, '>=0.10.0-0 <0.11.0-0' ]
339 silly lockFile 8f75c97d-string-decoder-0-10-x string_decoder@~0.10.x
340 verbose lock string_decoder@~0.10.x /home/lute/.npm/8f75c97d-string-decoder-0-10-x.lock
341 silly addNameRange { name: 'core-util-is',
341 silly addNameRange   range: '>=1.0.0-0 <1.1.0-0',
341 silly addNameRange   hasData: false }
342 silly addNameRange { name: 'inherits', range: '>=2.0.1-0 <2.1.0-0', hasData: false }
343 silly addNameRange { name: 'string_decoder',
343 silly addNameRange   range: '>=0.10.0-0 <0.11.0-0',
343 silly addNameRange   hasData: false }
344 silly gunzTarPerm extractEntry test/cancel.js
345 silly gunzTarPerm extractEntry test/sync-parameters.js
346 verbose request where is /core-util-is
347 verbose request registry https://registry.npmjs.org/
348 verbose url raw /core-util-is
349 verbose url resolving [ 'https://registry.npmjs.org/', './core-util-is' ]
350 verbose url resolved https://registry.npmjs.org/core-util-is
351 verbose request where is https://registry.npmjs.org/core-util-is
352 info trying registry request attempt 1 at 01:15:57
353 verbose etag "8N932ER6J79FE9PNV7H41QYLJ"
354 http GET https://registry.npmjs.org/core-util-is
355 verbose request where is /isarray
356 verbose request registry https://registry.npmjs.org/
357 verbose url raw /isarray
358 verbose url resolving [ 'https://registry.npmjs.org/', './isarray' ]
359 verbose url resolved https://registry.npmjs.org/isarray
360 verbose request where is https://registry.npmjs.org/isarray
361 info trying registry request attempt 1 at 01:15:57
362 verbose etag "79XQA3ZXVF5QN0X2VYCD81HMN"
363 http GET https://registry.npmjs.org/isarray
364 verbose request where is /string_decoder
365 verbose request registry https://registry.npmjs.org/
366 verbose url raw /string_decoder
367 verbose url resolving [ 'https://registry.npmjs.org/', './string_decoder' ]
368 verbose url resolved https://registry.npmjs.org/string_decoder
369 verbose request where is https://registry.npmjs.org/string_decoder
370 info trying registry request attempt 1 at 01:15:57
371 verbose etag "89NG6AVWTXZBFGLGXXUONULF1"
372 http GET https://registry.npmjs.org/string_decoder
373 verbose request where is /inherits
374 verbose request registry https://registry.npmjs.org/
375 verbose url raw /inherits
376 verbose url resolving [ 'https://registry.npmjs.org/', './inherits' ]
377 verbose url resolved https://registry.npmjs.org/inherits
378 verbose request where is https://registry.npmjs.org/inherits
379 info trying registry request attempt 1 at 01:15:57
380 verbose etag "24DC2YNIGTAXPVOCGH3WF1GW6"
381 http GET https://registry.npmjs.org/inherits
382 silly gunzTarPerm extractEntry test/async-socket.js
383 silly gunzTarPerm extractEntry test/sync.js
384 silly gunzTarPerm extractEntry test/load.js
385 silly gunzTarPerm extractEntry test/mocha.opts
386 silly lockFile 9437e0fe-les-pg-native-node-modules-libpq tar:///home/lute/work/quiz/node_modules/pg-native/node_modules/libpq
387 silly lockFile 9437e0fe-les-pg-native-node-modules-libpq tar:///home/lute/work/quiz/node_modules/pg-native/node_modules/libpq
388 silly lockFile 8a6b8d3d-lute-npm-libpq-1-6-4-package-tgz tar:///home/lute/.npm/libpq/1.6.4/package.tgz
389 silly lockFile 8a6b8d3d-lute-npm-libpq-1-6-4-package-tgz tar:///home/lute/.npm/libpq/1.6.4/package.tgz
390 info preinstall libpq@1.6.4
391 verbose readDependencies using package.json deps
392 verbose readDependencies using package.json deps
393 verbose cache add [ 'nan@^1.8.4', null ]
394 verbose cache add name=undefined spec="nan@^1.8.4" args=["nan@^1.8.4",null]
395 verbose parsed url { protocol: null,
395 verbose parsed url   slashes: null,
395 verbose parsed url   auth: null,
395 verbose parsed url   host: null,
395 verbose parsed url   port: null,
395 verbose parsed url   hostname: null,
395 verbose parsed url   hash: null,
395 verbose parsed url   search: null,
395 verbose parsed url   query: null,
395 verbose parsed url   pathname: 'nan@^1.8.4',
395 verbose parsed url   path: 'nan@^1.8.4',
395 verbose parsed url   href: 'nan@^1.8.4' }
396 verbose cache add [ 'bindings@1.2.1', null ]
397 verbose cache add name=undefined spec="bindings@1.2.1" args=["bindings@1.2.1",null]
398 verbose parsed url { protocol: null,
398 verbose parsed url   slashes: null,
398 verbose parsed url   auth: null,
398 verbose parsed url   host: null,
398 verbose parsed url   port: null,
398 verbose parsed url   hostname: null,
398 verbose parsed url   hash: null,
398 verbose parsed url   search: null,
398 verbose parsed url   query: null,
398 verbose parsed url   pathname: 'bindings@1.2.1',
398 verbose parsed url   path: 'bindings@1.2.1',
398 verbose parsed url   href: 'bindings@1.2.1' }
399 verbose cache add name="nan" spec="^1.8.4" args=["nan","^1.8.4"]
400 verbose parsed url { protocol: null,
400 verbose parsed url   slashes: null,
400 verbose parsed url   auth: null,
400 verbose parsed url   host: null,
400 verbose parsed url   port: null,
400 verbose parsed url   hostname: null,
400 verbose parsed url   hash: null,
400 verbose parsed url   search: null,
400 verbose parsed url   query: null,
400 verbose parsed url   pathname: '^1.8.4',
400 verbose parsed url   path: '^1.8.4',
400 verbose parsed url   href: '^1.8.4' }
401 verbose addNamed [ 'nan', '^1.8.4' ]
402 verbose addNamed [ null, '>=1.8.4-0 <2.0.0-0' ]
403 silly lockFile 94591c88-nan-1-8-4 nan@^1.8.4
404 verbose lock nan@^1.8.4 /home/lute/.npm/94591c88-nan-1-8-4.lock
405 verbose cache add name="bindings" spec="1.2.1" args=["bindings","1.2.1"]
406 verbose parsed url { protocol: null,
406 verbose parsed url   slashes: null,
406 verbose parsed url   auth: null,
406 verbose parsed url   host: null,
406 verbose parsed url   port: null,
406 verbose parsed url   hostname: null,
406 verbose parsed url   hash: null,
406 verbose parsed url   search: null,
406 verbose parsed url   query: null,
406 verbose parsed url   pathname: '1.2.1',
406 verbose parsed url   path: '1.2.1',
406 verbose parsed url   href: '1.2.1' }
407 verbose addNamed [ 'bindings', '1.2.1' ]
408 verbose addNamed [ '1.2.1', '1.2.1' ]
409 silly lockFile e9060511-bindings-1-2-1 bindings@1.2.1
410 verbose lock bindings@1.2.1 /home/lute/.npm/e9060511-bindings-1-2-1.lock
411 silly addNameRange { name: 'nan', range: '>=1.8.4-0 <2.0.0-0', hasData: false }
412 verbose request where is /bindings
413 verbose request registry https://registry.npmjs.org/
414 verbose url raw /bindings
415 verbose url resolving [ 'https://registry.npmjs.org/', './bindings' ]
416 verbose url resolved https://registry.npmjs.org/bindings
417 verbose request where is https://registry.npmjs.org/bindings
418 info trying registry request attempt 1 at 01:15:57
419 http GET https://registry.npmjs.org/bindings
420 verbose request where is /nan
421 verbose request registry https://registry.npmjs.org/
422 verbose url raw /nan
423 verbose url resolving [ 'https://registry.npmjs.org/', './nan' ]
424 verbose url resolved https://registry.npmjs.org/nan
425 verbose request where is https://registry.npmjs.org/nan
426 info trying registry request attempt 1 at 01:15:57
427 verbose etag "CWMZR9BQ6YD6KL99MGG0CU5U5"
428 http GET https://registry.npmjs.org/nan
429 http 304 https://registry.npmjs.org/core-util-is
430 silly registry.get cb [ 304,
430 silly registry.get   { date: 'Sun, 21 Jun 2015 23:06:13 GMT',
430 silly registry.get     via: '1.1 varnish',
430 silly registry.get     'cache-control': 'max-age=60',
430 silly registry.get     etag: '"8N932ER6J79FE9PNV7H41QYLJ"',
430 silly registry.get     age: '29',
430 silly registry.get     connection: 'keep-alive',
430 silly registry.get     'x-served-by': 'cache-ams4138-AMS',
430 silly registry.get     'x-cache': 'HIT',
430 silly registry.get     'x-cache-hits': '2',
430 silly registry.get     'x-timer': 'S1434927973.234975,VS0,VE0',
430 silly registry.get     vary: 'Accept' } ]
431 verbose etag https://registry.npmjs.org/core-util-is from cache
432 http 304 https://registry.npmjs.org/isarray
433 silly registry.get cb [ 304,
433 silly registry.get   { date: 'Sun, 21 Jun 2015 23:06:13 GMT',
433 silly registry.get     via: '1.1 varnish',
433 silly registry.get     'cache-control': 'max-age=60',
433 silly registry.get     etag: '"79XQA3ZXVF5QN0X2VYCD81HMN"',
433 silly registry.get     age: '49',
433 silly registry.get     connection: 'keep-alive',
433 silly registry.get     'x-served-by': 'cache-ams4124-AMS',
433 silly registry.get     'x-cache': 'HIT',
433 silly registry.get     'x-cache-hits': '1',
433 silly registry.get     'x-timer': 'S1434927973.241377,VS0,VE0',
433 silly registry.get     vary: 'Accept' } ]
434 verbose etag https://registry.npmjs.org/isarray from cache
435 http 304 https://registry.npmjs.org/string_decoder
436 silly registry.get cb [ 304,
436 silly registry.get   { date: 'Sun, 21 Jun 2015 23:06:13 GMT',
436 silly registry.get     via: '1.1 varnish',
436 silly registry.get     'cache-control': 'max-age=60',
436 silly registry.get     etag: '"89NG6AVWTXZBFGLGXXUONULF1"',
436 silly registry.get     age: '36',
436 silly registry.get     connection: 'keep-alive',
436 silly registry.get     'x-served-by': 'cache-ams4143-AMS',
436 silly registry.get     'x-cache': 'HIT',
436 silly registry.get     'x-cache-hits': '1',
436 silly registry.get     'x-timer': 'S1434927973.258691,VS0,VE0',
436 silly registry.get     vary: 'Accept' } ]
437 verbose etag https://registry.npmjs.org/string_decoder from cache
438 http 304 https://registry.npmjs.org/inherits
439 silly registry.get cb [ 304,
439 silly registry.get   { date: 'Sun, 21 Jun 2015 23:06:13 GMT',
439 silly registry.get     via: '1.1 varnish',
439 silly registry.get     'cache-control': 'max-age=60',
439 silly registry.get     etag: '"24DC2YNIGTAXPVOCGH3WF1GW6"',
439 silly registry.get     age: '47',
439 silly registry.get     connection: 'keep-alive',
439 silly registry.get     'x-served-by': 'cache-ams4146-AMS',
439 silly registry.get     'x-cache': 'HIT',
439 silly registry.get     'x-cache-hits': '2',
439 silly registry.get     'x-timer': 'S1434927973.264771,VS0,VE0',
439 silly registry.get     vary: 'Accept' } ]
440 verbose etag https://registry.npmjs.org/inherits from cache
441 silly addNameRange number 2 { name: 'core-util-is',
441 silly addNameRange   range: '>=1.0.0-0 <1.1.0-0',
441 silly addNameRange   hasData: true }
442 silly addNameRange versions [ 'core-util-is', [ '1.0.0', '1.0.1' ] ]
443 verbose addNamed [ 'core-util-is', '1.0.1' ]
444 verbose addNamed [ '1.0.1', '1.0.1' ]
445 silly lockFile 40ef24cf-core-util-is-1-0-1 core-util-is@1.0.1
446 verbose lock core-util-is@1.0.1 /home/lute/.npm/40ef24cf-core-util-is-1-0-1.lock
447 silly addNameRange number 2 { name: 'string_decoder',
447 silly addNameRange   range: '>=0.10.0-0 <0.11.0-0',
447 silly addNameRange   hasData: true }
448 silly addNameRange versions [ 'string_decoder',
448 silly addNameRange   [ '0.0.0',
448 silly addNameRange     '0.0.1',
448 silly addNameRange     '0.10.24',
448 silly addNameRange     '0.11.10',
448 silly addNameRange     '0.10.25',
448 silly addNameRange     '0.11.10-1',
448 silly addNameRange     '0.10.25-1',
448 silly addNameRange     '0.10.31' ] ]
449 verbose addNamed [ 'string_decoder', '0.10.31' ]
450 verbose addNamed [ '0.10.31', '0.10.31' ]
451 silly lockFile 0a9a4818-string-decoder-0-10-31 string_decoder@0.10.31
452 verbose lock string_decoder@0.10.31 /home/lute/.npm/0a9a4818-string-decoder-0-10-31.lock
453 silly addNameRange number 2 { name: 'inherits', range: '>=2.0.1-0 <2.1.0-0', hasData: true }
454 silly addNameRange versions [ 'inherits', [ '1.0.0', '2.0.0', '2.0.1' ] ]
455 verbose addNamed [ 'inherits', '2.0.1' ]
456 verbose addNamed [ '2.0.1', '2.0.1' ]
457 silly lockFile 2b2e8f1b-inherits-2-0-1 inherits@2.0.1
458 verbose lock inherits@2.0.1 /home/lute/.npm/2b2e8f1b-inherits-2-0-1.lock
459 http 304 https://registry.npmjs.org/nan
460 silly registry.get cb [ 304,
460 silly registry.get   { date: 'Sun, 21 Jun 2015 23:06:13 GMT',
460 silly registry.get     via: '1.1 varnish',
460 silly registry.get     'cache-control': 'max-age=60',
460 silly registry.get     etag: '"CWMZR9BQ6YD6KL99MGG0CU5U5"',
460 silly registry.get     age: '2',
460 silly registry.get     connection: 'keep-alive',
460 silly registry.get     'x-served-by': 'cache-ams4138-AMS',
460 silly registry.get     'x-cache': 'HIT',
460 silly registry.get     'x-cache-hits': '1',
460 silly registry.get     'x-timer': 'S1434927973.312546,VS0,VE1',
460 silly registry.get     vary: 'Accept' } ]
461 verbose etag https://registry.npmjs.org/nan from cache
462 silly lockFile 9efe11b1-isarray-0-0-1 isarray@0.0.1
463 silly lockFile 9efe11b1-isarray-0-0-1 isarray@0.0.1
464 silly lockFile 40ef24cf-core-util-is-1-0-1 core-util-is@1.0.1
465 silly lockFile 40ef24cf-core-util-is-1-0-1 core-util-is@1.0.1
466 silly lockFile 577b60c4-core-util-is-1-0-0 core-util-is@~1.0.0
467 silly lockFile 577b60c4-core-util-is-1-0-0 core-util-is@~1.0.0
468 silly lockFile 0a9a4818-string-decoder-0-10-31 string_decoder@0.10.31
469 silly lockFile 0a9a4818-string-decoder-0-10-31 string_decoder@0.10.31
470 silly lockFile 8f75c97d-string-decoder-0-10-x string_decoder@~0.10.x
471 silly lockFile 8f75c97d-string-decoder-0-10-x string_decoder@~0.10.x
472 silly addNameRange number 2 { name: 'nan', range: '>=1.8.4-0 <2.0.0-0', hasData: true }
473 silly addNameRange versions [ 'nan',
473 silly addNameRange   [ '0.3.0-wip',
473 silly addNameRange     '0.3.0-wip2',
473 silly addNameRange     '0.3.0',
473 silly addNameRange     '0.3.1',
473 silly addNameRange     '0.3.2',
473 silly addNameRange     '0.4.0',
473 silly addNameRange     '0.4.1',
473 silly addNameRange     '0.4.2',
473 silly addNameRange     '0.4.3',
473 silly addNameRange     '0.4.4',
473 silly addNameRange     '0.5.0',
473 silly addNameRange     '0.5.1',
473 silly addNameRange     '0.5.2',
473 silly addNameRange     '0.6.0',
473 silly addNameRange     '0.7.0',
473 silly addNameRange     '0.7.1',
473 silly addNameRange     '0.8.0',
473 silly addNameRange     '1.0.0',
473 silly addNameRange     '1.1.0',
473 silly addNameRange     '1.1.1',
473 silly addNameRange     '1.1.2',
473 silly addNameRange     '1.2.0',
473 silly addNameRange     '1.3.0',
473 silly addNameRange     '1.4.0',
473 silly addNameRange     '1.4.1',
473 silly addNameRange     '1.5.0',
473 silly addNameRange     '1.4.2',
473 silly addNameRange     '1.4.3',
473 silly addNameRange     '1.5.1',
473 silly addNameRange     '1.5.2',
473 silly addNameRange     '1.6.0',
473 silly addNameRange     '1.5.3',
473 silly addNameRange     '1.6.1',
473 silly addNameRange     '1.6.2',
473 silly addNameRange     '1.7.0',
473 silly addNameRange     '1.8.0',
473 silly addNameRange     '1.8.1',
473 silly addNameRange     '1.8.2',
473 silly addNameRange     '1.8.3',
473 silly addNameRange     '1.8.4' ] ]
474 verbose addNamed [ 'nan', '1.8.4' ]
475 verbose addNamed [ '1.8.4', '1.8.4' ]
476 silly lockFile 86d5700b-nan-1-8-4 nan@1.8.4
477 verbose lock nan@1.8.4 /home/lute/.npm/86d5700b-nan-1-8-4.lock
478 silly lockFile 2b2e8f1b-inherits-2-0-1 inherits@2.0.1
479 silly lockFile 2b2e8f1b-inherits-2-0-1 inherits@2.0.1
480 silly lockFile 098ef39f-inherits-2-0-1 inherits@~2.0.1
481 silly lockFile 098ef39f-inherits-2-0-1 inherits@~2.0.1
482 silly lockFile bc48e6eb-stry-npmjs-org-nan-nan-1-8-4-tgz https://registry.npmjs.org/nan/-/nan-1.8.4.tgz
483 verbose lock https://registry.npmjs.org/nan/-/nan-1.8.4.tgz /home/lute/.npm/bc48e6eb-stry-npmjs-org-nan-nan-1-8-4-tgz.lock
484 verbose addRemoteTarball [ 'https://registry.npmjs.org/nan/-/nan-1.8.4.tgz',
484 verbose addRemoteTarball   '3c76b5382eab33e44b758d2813ca9d92e9342f34' ]
485 info retry fetch attempt 1 at 01:15:57
486 verbose fetch to= /tmp/npm-13517-5nv8csFN/registry.npmjs.org/nan/-/nan-1.8.4.tgz
487 http GET https://registry.npmjs.org/nan/-/nan-1.8.4.tgz
488 silly resolved [ { name: 'isarray',
488 silly resolved     description: 'Array#isArray for older browsers',
488 silly resolved     version: '0.0.1',
488 silly resolved     repository:
488 silly resolved      { type: 'git',
488 silly resolved        url: 'git://github.com/juliangruber/isarray.git' },
488 silly resolved     homepage: 'https://github.com/juliangruber/isarray',
488 silly resolved     main: 'index.js',
488 silly resolved     scripts: { test: 'tap test/*.js' },
488 silly resolved     dependencies: {},
488 silly resolved     devDependencies: { tap: '*' },
488 silly resolved     keywords: [ 'browser', 'isarray', 'array' ],
488 silly resolved     author:
488 silly resolved      { name: 'Julian Gruber',
488 silly resolved        email: 'mail@juliangruber.com',
488 silly resolved        url: 'http://juliangruber.com' },
488 silly resolved     license: 'MIT',
488 silly resolved     _id: 'isarray@0.0.1',
488 silly resolved     dist:
488 silly resolved      { shasum: '8a18acfca9a8f4177e09abfc6038939b05d1eedf',
488 silly resolved        tarball: 'http://registry.npmjs.org/isarray/-/isarray-0.0.1.tgz' },
488 silly resolved     _from: 'isarray@0.0.1',
488 silly resolved     _npmVersion: '1.2.18',
488 silly resolved     _npmUser: { name: 'juliangruber', email: 'julian@juliangruber.com' },
488 silly resolved     maintainers: [ [Object] ],
488 silly resolved     directories: {},
488 silly resolved     _shasum: '8a18acfca9a8f4177e09abfc6038939b05d1eedf',
488 silly resolved     _resolved: 'https://registry.npmjs.org/isarray/-/isarray-0.0.1.tgz',
488 silly resolved     bugs: { url: 'https://github.com/juliangruber/isarray/issues' },
488 silly resolved     readme: 'ERROR: No README data found!' },
488 silly resolved   { name: 'core-util-is',
488 silly resolved     version: '1.0.1',
488 silly resolved     description: 'The `util.is*` functions introduced in Node v0.12.',
488 silly resolved     main: 'lib/util.js',
488 silly resolved     repository: { type: 'git', url: 'git://github.com/isaacs/core-util-is' },
488 silly resolved     keywords:
488 silly resolved      [ 'util',
488 silly resolved        'isBuffer',
488 silly resolved        'isArray',
488 silly resolved        'isNumber',
488 silly resolved        'isString',
488 silly resolved        'isRegExp',
488 silly resolved        'isThis',
488 silly resolved        'isThat',
488 silly resolved        'polyfill' ],
488 silly resolved     author:
488 silly resolved      { name: 'Isaac Z. Schlueter',
488 silly resolved        email: 'i@izs.me',
488 silly resolved        url: 'http://blog.izs.me/' },
488 silly resolved     license: 'MIT',
488 silly resolved     bugs: { url: 'https://github.com/isaacs/core-util-is/issues' },
488 silly resolved     readme: '# core-util-is\n\nThe `util.is*` functions introduced in Node v0.12.\n',
488 silly resolved     readmeFilename: 'README.md',
488 silly resolved     homepage: 'https://github.com/isaacs/core-util-is',
488 silly resolved     _id: 'core-util-is@1.0.1',
488 silly resolved     dist:
488 silly resolved      { shasum: '6b07085aef9a3ccac6ee53bf9d3df0c1521a5538',
488 silly resolved        tarball: 'http://registry.npmjs.org/core-util-is/-/core-util-is-1.0.1.tgz' },
488 silly resolved     _from: 'core-util-is@~1.0.0',
488 silly resolved     _npmVersion: '1.3.23',
488 silly resolved     _npmUser: { name: 'isaacs', email: 'i@izs.me' },
488 silly resolved     maintainers: [ [Object] ],
488 silly resolved     directories: {},
488 silly resolved     _shasum: '6b07085aef9a3ccac6ee53bf9d3df0c1521a5538',
488 silly resolved     _resolved: 'https://registry.npmjs.org/core-util-is/-/core-util-is-1.0.1.tgz',
488 silly resolved     scripts: {} },
488 silly resolved   { name: 'string_decoder',
488 silly resolved     version: '0.10.31',
488 silly resolved     description: 'The string_decoder module from Node core',
488 silly resolved     main: 'index.js',
488 silly resolved     dependencies: {},
488 silly resolved     devDependencies: { tap: '~0.4.8' },
488 silly resolved     scripts: { test: 'tap test/simple/*.js' },
488 silly resolved     repository:
488 silly resolved      { type: 'git',
488 silly resolved        url: 'git://github.com/rvagg/string_decoder.git' },
488 silly resolved     homepage: 'https://github.com/rvagg/string_decoder',
488 silly resolved     keywords: [ 'string', 'decoder', 'browser', 'browserify' ],
488 silly resolved     license: 'MIT',
488 silly resolved     gitHead: 'd46d4fd87cf1d06e031c23f1ba170ca7d4ade9a0',
488 silly resolved     bugs: { url: 'https://github.com/rvagg/string_decoder/issues' },
488 silly resolved     _id: 'string_decoder@0.10.31',
488 silly resolved     _shasum: '62e203bc41766c6c28c9fc84301dab1c5310fa94',
488 silly resolved     _from: 'string_decoder@~0.10.x',
488 silly resolved     _npmVersion: '1.4.23',
488 silly resolved     _npmUser: { name: 'rvagg', email: 'rod@vagg.org' },
488 silly resolved     maintainers: [ [Object], [Object] ],
488 silly resolved     dist:
488 silly resolved      { shasum: '62e203bc41766c6c28c9fc84301dab1c5310fa94',
488 silly resolved        tarball: 'http://registry.npmjs.org/string_decoder/-/string_decoder-0.10.31.tgz' },
488 silly resolved     directories: {},
488 silly resolved     _resolved: 'https://registry.npmjs.org/string_decoder/-/string_decoder-0.10.31.tgz',
488 silly resolved     readme: 'ERROR: No README data found!' },
488 silly resolved   { name: 'inherits',
488 silly resolved     description: 'Browser-friendly inheritance fully compatible with standard node.js inherits()',
488 silly resolved     version: '2.0.1',
488 silly resolved     keywords:
488 silly resolved      [ 'inheritance',
488 silly resolved        'class',
488 silly resolved        'klass',
488 silly resolved        'oop',
488 silly resolved        'object-oriented',
488 silly resolved        'inherits',
488 silly resolved        'browser',
488 silly resolved        'browserify' ],
488 silly resolved     main: './inherits.js',
488 silly resolved     browser: './inherits_browser.js',
488 silly resolved     repository: { type: 'git', url: 'git://github.com/isaacs/inherits' },
488 silly resolved     license: 'ISC',
488 silly resolved     scripts: { test: 'node test' },
488 silly resolved     readme: 'Browser-friendly inheritance fully compatible with standard node.js\n[inherits](http://nodejs.org/api/util.html#util_util_inherits_constructor_superconstructor).\n\nThis package exports standard `inherits` from node.js `util` module in\nnode environment, but also provides alternative browser-friendly\nimplementation through [browser\nfield](https://gist.github.com/shtylman/4339901). Alternative\nimplementation is a literal copy of standard one located in standalone\nmodule to avoid requiring of `util`. It also has a shim for old\nbrowsers with no `Object.create` support.\n\nWhile keeping you sure you are using standard `inherits`\nimplementation in node.js environment, it allows bundlers such as\n[browserify](https://github.com/substack/node-browserify) to not\ninclude full `util` package to your client code if all you need is\njust `inherits` function. It worth, because browser shim for `util`\npackage is large and `inherits` is often the single function you need\nfrom it.\n\nIt\'s recommended to use this package instead of\n`require(\'util\').inherits` for any code that has chances to be used\nnot only in node.js but in browser too.\n\n## usage\n\n```js\nvar inherits = require(\'inherits\');\n// then use exactly as the standard one\n```\n\n## note on version ~1.0\n\nVersion ~1.0 had completely different motivation and is not compatible\nneither with 2.0 nor with standard node.js `inherits`.\n\nIf you are using version ~1.0 and planning to switch to ~2.0, be\ncareful:\n\n* new version uses `super_` instead of `super` for referencing\n  superclass\n* new version overwrites current prototype while old one preserves any\n  existing fields on it\n',
488 silly resolved     readmeFilename: 'README.md',
488 silly resolved     bugs: { url: 'https://github.com/isaacs/inherits/issues' },
488 silly resolved     _id: 'inherits@2.0.1',
488 silly resolved     dist:
488 silly resolved      { shasum: 'b17d08d326b4423e568eff719f91b0b1cbdf69f1',
488 silly resolved        tarball: 'http://registry.npmjs.org/inherits/-/inherits-2.0.1.tgz' },
488 silly resolved     _from: 'inherits@~2.0.1',
488 silly resolved     _npmVersion: '1.3.8',
488 silly resolved     _npmUser: { name: 'isaacs', email: 'i@izs.me' },
488 silly resolved     maintainers: [ [Object] ],
488 silly resolved     directories: {},
488 silly resolved     _shasum: 'b17d08d326b4423e568eff719f91b0b1cbdf69f1',
488 silly resolved     _resolved: 'https://registry.npmjs.org/inherits/-/inherits-2.0.1.tgz' } ]
489 info install isarray@0.0.1 into /home/lute/work/quiz/node_modules/pg-native/node_modules/readable-stream
490 info install core-util-is@1.0.1 into /home/lute/work/quiz/node_modules/pg-native/node_modules/readable-stream
491 info install string_decoder@0.10.31 into /home/lute/work/quiz/node_modules/pg-native/node_modules/readable-stream
492 info install inherits@2.0.1 into /home/lute/work/quiz/node_modules/pg-native/node_modules/readable-stream
493 info installOne isarray@0.0.1
494 info installOne core-util-is@1.0.1
495 info installOne string_decoder@0.10.31
496 info installOne inherits@2.0.1
497 verbose node_modules/pg-native/node_modules/readable-stream/node_modules/isarray unbuild
498 verbose node_modules/pg-native/node_modules/readable-stream/node_modules/core-util-is unbuild
499 verbose node_modules/pg-native/node_modules/readable-stream/node_modules/string_decoder unbuild
500 verbose node_modules/pg-native/node_modules/readable-stream/node_modules/inherits unbuild
501 verbose tar unpack /home/lute/.npm/isarray/0.0.1/package.tgz
502 silly lockFile c2772d84-able-stream-node-modules-isarray tar:///home/lute/work/quiz/node_modules/pg-native/node_modules/readable-stream/node_modules/isarray
503 verbose lock tar:///home/lute/work/quiz/node_modules/pg-native/node_modules/readable-stream/node_modules/isarray /home/lute/.npm/c2772d84-able-stream-node-modules-isarray.lock
504 silly lockFile 81fac264-te-npm-isarray-0-0-1-package-tgz tar:///home/lute/.npm/isarray/0.0.1/package.tgz
505 verbose lock tar:///home/lute/.npm/isarray/0.0.1/package.tgz /home/lute/.npm/81fac264-te-npm-isarray-0-0-1-package-tgz.lock
506 verbose tar unpack /home/lute/.npm/core-util-is/1.0.1/package.tgz
507 silly lockFile c9fe02eb-stream-node-modules-core-util-is tar:///home/lute/work/quiz/node_modules/pg-native/node_modules/readable-stream/node_modules/core-util-is
508 verbose lock tar:///home/lute/work/quiz/node_modules/pg-native/node_modules/readable-stream/node_modules/core-util-is /home/lute/.npm/c9fe02eb-stream-node-modules-core-util-is.lock
509 silly lockFile e88cbaf4-m-core-util-is-1-0-1-package-tgz tar:///home/lute/.npm/core-util-is/1.0.1/package.tgz
510 verbose lock tar:///home/lute/.npm/core-util-is/1.0.1/package.tgz /home/lute/.npm/e88cbaf4-m-core-util-is-1-0-1-package-tgz.lock
511 verbose tar unpack /home/lute/.npm/string_decoder/0.10.31/package.tgz
512 silly lockFile 2293f634-ream-node-modules-string-decoder tar:///home/lute/work/quiz/node_modules/pg-native/node_modules/readable-stream/node_modules/string_decoder
513 verbose lock tar:///home/lute/work/quiz/node_modules/pg-native/node_modules/readable-stream/node_modules/string_decoder /home/lute/.npm/2293f634-ream-node-modules-string-decoder.lock
514 silly lockFile 35bcd1e4-ring-decoder-0-10-31-package-tgz tar:///home/lute/.npm/string_decoder/0.10.31/package.tgz
515 verbose lock tar:///home/lute/.npm/string_decoder/0.10.31/package.tgz /home/lute/.npm/35bcd1e4-ring-decoder-0-10-31-package-tgz.lock
516 verbose tar unpack /home/lute/.npm/inherits/2.0.1/package.tgz
517 silly lockFile e563697f-ble-stream-node-modules-inherits tar:///home/lute/work/quiz/node_modules/pg-native/node_modules/readable-stream/node_modules/inherits
518 verbose lock tar:///home/lute/work/quiz/node_modules/pg-native/node_modules/readable-stream/node_modules/inherits /home/lute/.npm/e563697f-ble-stream-node-modules-inherits.lock
519 silly lockFile acca0cb1-e-npm-inherits-2-0-1-package-tgz tar:///home/lute/.npm/inherits/2.0.1/package.tgz
520 verbose lock tar:///home/lute/.npm/inherits/2.0.1/package.tgz /home/lute/.npm/acca0cb1-e-npm-inherits-2-0-1-package-tgz.lock
521 silly gunzTarPerm modes [ '755', '644' ]
522 silly gunzTarPerm modes [ '755', '644' ]
523 silly gunzTarPerm modes [ '755', '644' ]
524 silly gunzTarPerm modes [ '755', '644' ]
525 silly gunzTarPerm extractEntry package.json
526 silly gunzTarPerm extractEntry package.json
527 silly gunzTarPerm extractEntry package.json
528 silly gunzTarPerm modified mode [ 'package.json', 436, 420 ]
529 silly gunzTarPerm extractEntry package.json
530 silly gunzTarPerm extractEntry README.md
531 silly gunzTarPerm extractEntry index.js
532 silly gunzTarPerm extractEntry README.md
533 silly gunzTarPerm extractEntry util.js
534 silly gunzTarPerm extractEntry .npmignore
535 silly gunzTarPerm modified mode [ '.npmignore', 436, 420 ]
536 silly gunzTarPerm extractEntry README.md
537 silly gunzTarPerm modified mode [ 'README.md', 436, 420 ]
538 silly gunzTarPerm extractEntry README.md
539 silly gunzTarPerm extractEntry LICENSE
540 http 200 https://registry.npmjs.org/bindings
541 silly registry.get cb [ 200,
541 silly registry.get   { server: 'CouchDB/1.5.0 (Erlang OTP/R16B03)',
541 silly registry.get     etag: '"ADMJ9SS6EQD8EASND8DTMLB6V"',
541 silly registry.get     'content-type': 'application/json',
541 silly registry.get     'cache-control': 'max-age=60',
541 silly registry.get     'content-length': '17957',
541 silly registry.get     'accept-ranges': 'bytes',
541 silly registry.get     date: 'Sun, 21 Jun 2015 23:06:13 GMT',
541 silly registry.get     via: '1.1 varnish',
541 silly registry.get     age: '27',
541 silly registry.get     connection: 'keep-alive',
541 silly registry.get     'x-served-by': 'cache-ams4139-AMS',
541 silly registry.get     'x-cache': 'HIT',
541 silly registry.get     'x-cache-hits': '1',
541 silly registry.get     'x-timer': 'S1434927973.415584,VS0,VE0',
541 silly registry.get     vary: 'Accept' } ]
542 silly gunzTarPerm extractEntry build/build.js
543 silly gunzTarPerm extractEntry component.json
544 silly gunzTarPerm extractEntry inherits.js
545 silly gunzTarPerm extractEntry inherits_browser.js
546 silly gunzTarPerm extractEntry float.patch
547 silly gunzTarPerm extractEntry lib/util.js
548 silly gunzTarPerm extractEntry LICENSE
549 silly gunzTarPerm modified mode [ 'LICENSE', 436, 420 ]
550 silly gunzTarPerm extractEntry index.js
551 silly gunzTarPerm modified mode [ 'index.js', 436, 420 ]
552 silly lockFile 0932abb1--org-bindings-bindings-1-2-1-tgz https://registry.npmjs.org/bindings/-/bindings-1.2.1.tgz
553 verbose lock https://registry.npmjs.org/bindings/-/bindings-1.2.1.tgz /home/lute/.npm/0932abb1--org-bindings-bindings-1-2-1-tgz.lock
554 verbose addRemoteTarball [ 'https://registry.npmjs.org/bindings/-/bindings-1.2.1.tgz',
554 verbose addRemoteTarball   '14ad6113812d2d37d72e67b4cacb4bb726505f11' ]
555 info retry fetch attempt 1 at 01:15:57
556 verbose fetch to= /tmp/npm-13517-5nv8csFN/registry.npmjs.org/bindings/-/bindings-1.2.1.tgz
557 http GET https://registry.npmjs.org/bindings/-/bindings-1.2.1.tgz
558 silly gunzTarPerm extractEntry test.js
559 silly lockFile c2772d84-able-stream-node-modules-isarray tar:///home/lute/work/quiz/node_modules/pg-native/node_modules/readable-stream/node_modules/isarray
560 silly lockFile c2772d84-able-stream-node-modules-isarray tar:///home/lute/work/quiz/node_modules/pg-native/node_modules/readable-stream/node_modules/isarray
561 silly lockFile 81fac264-te-npm-isarray-0-0-1-package-tgz tar:///home/lute/.npm/isarray/0.0.1/package.tgz
562 silly lockFile 81fac264-te-npm-isarray-0-0-1-package-tgz tar:///home/lute/.npm/isarray/0.0.1/package.tgz
563 silly lockFile e563697f-ble-stream-node-modules-inherits tar:///home/lute/work/quiz/node_modules/pg-native/node_modules/readable-stream/node_modules/inherits
564 silly lockFile e563697f-ble-stream-node-modules-inherits tar:///home/lute/work/quiz/node_modules/pg-native/node_modules/readable-stream/node_modules/inherits
565 silly lockFile acca0cb1-e-npm-inherits-2-0-1-package-tgz tar:///home/lute/.npm/inherits/2.0.1/package.tgz
566 silly lockFile acca0cb1-e-npm-inherits-2-0-1-package-tgz tar:///home/lute/.npm/inherits/2.0.1/package.tgz
567 info preinstall isarray@0.0.1
568 silly lockFile 2293f634-ream-node-modules-string-decoder tar:///home/lute/work/quiz/node_modules/pg-native/node_modules/readable-stream/node_modules/string_decoder
569 silly lockFile 2293f634-ream-node-modules-string-decoder tar:///home/lute/work/quiz/node_modules/pg-native/node_modules/readable-stream/node_modules/string_decoder
570 info preinstall inherits@2.0.1
571 silly lockFile 35bcd1e4-ring-decoder-0-10-31-package-tgz tar:///home/lute/.npm/string_decoder/0.10.31/package.tgz
572 silly lockFile 35bcd1e4-ring-decoder-0-10-31-package-tgz tar:///home/lute/.npm/string_decoder/0.10.31/package.tgz
573 verbose readDependencies using package.json deps
574 verbose readDependencies using package.json deps
575 silly resolved []
576 verbose about to build /home/lute/work/quiz/node_modules/pg-native/node_modules/readable-stream/node_modules/isarray
577 info build /home/lute/work/quiz/node_modules/pg-native/node_modules/readable-stream/node_modules/isarray
578 verbose linkStuff [ false,
578 verbose linkStuff   false,
578 verbose linkStuff   false,
578 verbose linkStuff   '/home/lute/work/quiz/node_modules/pg-native/node_modules/readable-stream/node_modules' ]
579 info linkStuff isarray@0.0.1
580 verbose linkBins isarray@0.0.1
581 verbose linkMans isarray@0.0.1
582 verbose rebuildBundles isarray@0.0.1
583 verbose readDependencies using package.json deps
584 info install isarray@0.0.1
585 verbose readDependencies using package.json deps
586 silly resolved []
587 verbose about to build /home/lute/work/quiz/node_modules/pg-native/node_modules/readable-stream/node_modules/inherits
588 info build /home/lute/work/quiz/node_modules/pg-native/node_modules/readable-stream/node_modules/inherits
589 verbose linkStuff [ false,
589 verbose linkStuff   false,
589 verbose linkStuff   false,
589 verbose linkStuff   '/home/lute/work/quiz/node_modules/pg-native/node_modules/readable-stream/node_modules' ]
590 info linkStuff inherits@2.0.1
591 verbose linkBins inherits@2.0.1
592 verbose linkMans inherits@2.0.1
593 verbose rebuildBundles inherits@2.0.1
594 info preinstall string_decoder@0.10.31
595 info install inherits@2.0.1
596 info postinstall isarray@0.0.1
597 info postinstall inherits@2.0.1
598 verbose readDependencies using package.json deps
599 verbose readDependencies using package.json deps
600 silly resolved []
601 verbose about to build /home/lute/work/quiz/node_modules/pg-native/node_modules/readable-stream/node_modules/string_decoder
602 info build /home/lute/work/quiz/node_modules/pg-native/node_modules/readable-stream/node_modules/string_decoder
603 verbose linkStuff [ false,
603 verbose linkStuff   false,
603 verbose linkStuff   false,
603 verbose linkStuff   '/home/lute/work/quiz/node_modules/pg-native/node_modules/readable-stream/node_modules' ]
604 info linkStuff string_decoder@0.10.31
605 verbose linkBins string_decoder@0.10.31
606 verbose linkMans string_decoder@0.10.31
607 verbose rebuildBundles string_decoder@0.10.31
608 info install string_decoder@0.10.31
609 info postinstall string_decoder@0.10.31
610 silly lockFile c9fe02eb-stream-node-modules-core-util-is tar:///home/lute/work/quiz/node_modules/pg-native/node_modules/readable-stream/node_modules/core-util-is
611 silly lockFile c9fe02eb-stream-node-modules-core-util-is tar:///home/lute/work/quiz/node_modules/pg-native/node_modules/readable-stream/node_modules/core-util-is
612 silly lockFile e88cbaf4-m-core-util-is-1-0-1-package-tgz tar:///home/lute/.npm/core-util-is/1.0.1/package.tgz
613 silly lockFile e88cbaf4-m-core-util-is-1-0-1-package-tgz tar:///home/lute/.npm/core-util-is/1.0.1/package.tgz
614 info preinstall core-util-is@1.0.1
615 verbose readDependencies using package.json deps
616 verbose readDependencies using package.json deps
617 silly resolved []
618 verbose about to build /home/lute/work/quiz/node_modules/pg-native/node_modules/readable-stream/node_modules/core-util-is
619 info build /home/lute/work/quiz/node_modules/pg-native/node_modules/readable-stream/node_modules/core-util-is
620 verbose linkStuff [ false,
620 verbose linkStuff   false,
620 verbose linkStuff   false,
620 verbose linkStuff   '/home/lute/work/quiz/node_modules/pg-native/node_modules/readable-stream/node_modules' ]
621 info linkStuff core-util-is@1.0.1
622 verbose linkBins core-util-is@1.0.1
623 verbose linkMans core-util-is@1.0.1
624 verbose rebuildBundles core-util-is@1.0.1
625 info install core-util-is@1.0.1
626 info postinstall core-util-is@1.0.1
627 verbose about to build /home/lute/work/quiz/node_modules/pg-native/node_modules/readable-stream
628 info build /home/lute/work/quiz/node_modules/pg-native/node_modules/readable-stream
629 verbose linkStuff [ false,
629 verbose linkStuff   false,
629 verbose linkStuff   false,
629 verbose linkStuff   '/home/lute/work/quiz/node_modules/pg-native/node_modules' ]
630 info linkStuff readable-stream@1.0.31
631 verbose linkBins readable-stream@1.0.31
632 verbose linkMans readable-stream@1.0.31
633 verbose rebuildBundles readable-stream@1.0.31
634 verbose rebuildBundles [ 'core-util-is', 'inherits', 'isarray', 'string_decoder' ]
635 info install readable-stream@1.0.31
636 info postinstall readable-stream@1.0.31
637 http 200 https://registry.npmjs.org/nan/-/nan-1.8.4.tgz
638 silly lockFile bc48e6eb-stry-npmjs-org-nan-nan-1-8-4-tgz https://registry.npmjs.org/nan/-/nan-1.8.4.tgz
639 silly lockFile bc48e6eb-stry-npmjs-org-nan-nan-1-8-4-tgz https://registry.npmjs.org/nan/-/nan-1.8.4.tgz
640 silly lockFile 86d5700b-nan-1-8-4 nan@1.8.4
641 silly lockFile 86d5700b-nan-1-8-4 nan@1.8.4
642 silly lockFile 94591c88-nan-1-8-4 nan@^1.8.4
643 silly lockFile 94591c88-nan-1-8-4 nan@^1.8.4
644 http 200 https://registry.npmjs.org/bindings/-/bindings-1.2.1.tgz
645 silly lockFile 0932abb1--org-bindings-bindings-1-2-1-tgz https://registry.npmjs.org/bindings/-/bindings-1.2.1.tgz
646 silly lockFile 0932abb1--org-bindings-bindings-1-2-1-tgz https://registry.npmjs.org/bindings/-/bindings-1.2.1.tgz
647 silly lockFile e9060511-bindings-1-2-1 bindings@1.2.1
648 silly lockFile e9060511-bindings-1-2-1 bindings@1.2.1
649 silly resolved [ { name: 'nan',
649 silly resolved     version: '1.8.4',
649 silly resolved     description: 'Native Abstractions for Node.js: C++ header for Node 0.8->0.12 compatibility',
649 silly resolved     main: 'include_dirs.js',
649 silly resolved     repository: { type: 'git', url: 'git://github.com/iojs/nan.git' },
649 silly resolved     scripts:
649 silly resolved      { test: 'tap --gc test/js/*-test.js',
649 silly resolved        'rebuild-tests': 'pangyp rebuild --directory test' },
649 silly resolved     contributors:
649 silly resolved      [ [Object],
649 silly resolved        [Object],
649 silly resolved        [Object],
649 silly resolved        [Object],
649 silly resolved        [Object],
649 silly resolved        [Object],
649 silly resolved        [Object] ],
649 silly resolved     devDependencies:
649 silly resolved      { bindings: '~1.2.1',
649 silly resolved        'node-gyp': '~1.0.2',
649 silly resolved        pangyp: '~2.0.1',
649 silly resolved        tap: '~0.7.1',
649 silly resolved        xtend: '~4.0.0' },
649 silly resolved     license: 'MIT',
649 silly resolved     gitHead: 'ed3bbf4ced0cf7937b4e4164766797f71aa97f3d',
649 silly resolved     bugs: { url: 'https://github.com/iojs/nan/issues' },
649 silly resolved     homepage: 'https://github.com/iojs/nan#readme',
649 silly resolved     _id: 'nan@1.8.4',
649 silly resolved     _shasum: '3c76b5382eab33e44b758d2813ca9d92e9342f34',
649 silly resolved     _from: 'nan@^1.8.4',
649 silly resolved     _npmVersion: '2.8.3',
649 silly resolved     _nodeVersion: '0.12.2',
649 silly resolved     _npmUser: { name: 'kkoopa', email: 'bbyholm@abo.fi' },
649 silly resolved     maintainers: [ [Object], [Object] ],
649 silly resolved     dist:
649 silly resolved      { shasum: '3c76b5382eab33e44b758d2813ca9d92e9342f34',
649 silly resolved        tarball: 'http://registry.npmjs.org/nan/-/nan-1.8.4.tgz' },
649 silly resolved     directories: {},
649 silly resolved     _resolved: 'https://registry.npmjs.org/nan/-/nan-1.8.4.tgz' },
649 silly resolved   { name: 'bindings',
649 silly resolved     description: 'Helper module for loading your native module\'s .node file',
649 silly resolved     keywords: [ 'native', 'addon', 'bindings', 'gyp', 'waf', 'c', 'c++' ],
649 silly resolved     version: '1.2.1',
649 silly resolved     author:
649 silly resolved      { name: 'Nathan Rajlich',
649 silly resolved        email: 'nathan@tootallnate.net',
649 silly resolved        url: 'http://tootallnate.net' },
649 silly resolved     repository:
649 silly resolved      { type: 'git',
649 silly resolved        url: 'git://github.com/TooTallNate/node-bindings.git' },
649 silly resolved     main: './bindings.js',
649 silly resolved     bugs: { url: 'https://github.com/TooTallNate/node-bindings/issues' },
649 silly resolved     homepage: 'https://github.com/TooTallNate/node-bindings',
649 silly resolved     license: 'MIT',
649 silly resolved     gitHead: 'e404152ee27f8478ccbc7122ee051246e8e5ec02',
649 silly resolved     _id: 'bindings@1.2.1',
649 silly resolved     scripts: {},
649 silly resolved     _shasum: '14ad6113812d2d37d72e67b4cacb4bb726505f11',
649 silly resolved     _from: 'bindings@1.2.1',
649 silly resolved     _npmVersion: '1.4.14',
649 silly resolved     _npmUser: { name: 'tootallnate', email: 'nathan@tootallnate.net' },
649 silly resolved     maintainers: [ [Object], [Object] ],
649 silly resolved     dist:
649 silly resolved      { shasum: '14ad6113812d2d37d72e67b4cacb4bb726505f11',
649 silly resolved        tarball: 'http://registry.npmjs.org/bindings/-/bindings-1.2.1.tgz' },
649 silly resolved     directories: {},
649 silly resolved     _resolved: 'https://registry.npmjs.org/bindings/-/bindings-1.2.1.tgz' } ]
650 info install nan@1.8.4 into /home/lute/work/quiz/node_modules/pg-native/node_modules/libpq
651 info install bindings@1.2.1 into /home/lute/work/quiz/node_modules/pg-native/node_modules/libpq
652 info installOne nan@1.8.4
653 info installOne bindings@1.2.1
654 verbose node_modules/pg-native/node_modules/libpq/node_modules/nan unbuild
655 verbose node_modules/pg-native/node_modules/libpq/node_modules/bindings unbuild
656 verbose tar unpack /home/lute/.npm/nan/1.8.4/package.tgz
657 silly lockFile e859b542-e-modules-libpq-node-modules-nan tar:///home/lute/work/quiz/node_modules/pg-native/node_modules/libpq/node_modules/nan
658 verbose lock tar:///home/lute/work/quiz/node_modules/pg-native/node_modules/libpq/node_modules/nan /home/lute/.npm/e859b542-e-modules-libpq-node-modules-nan.lock
659 silly lockFile 19601c38-e-lute-npm-nan-1-8-4-package-tgz tar:///home/lute/.npm/nan/1.8.4/package.tgz
660 verbose lock tar:///home/lute/.npm/nan/1.8.4/package.tgz /home/lute/.npm/19601c38-e-lute-npm-nan-1-8-4-package-tgz.lock
661 verbose tar unpack /home/lute/.npm/bindings/1.2.1/package.tgz
662 silly lockFile 0bb1c924-ules-libpq-node-modules-bindings tar:///home/lute/work/quiz/node_modules/pg-native/node_modules/libpq/node_modules/bindings
663 verbose lock tar:///home/lute/work/quiz/node_modules/pg-native/node_modules/libpq/node_modules/bindings /home/lute/.npm/0bb1c924-ules-libpq-node-modules-bindings.lock
664 silly lockFile 4fc1463c-e-npm-bindings-1-2-1-package-tgz tar:///home/lute/.npm/bindings/1.2.1/package.tgz
665 verbose lock tar:///home/lute/.npm/bindings/1.2.1/package.tgz /home/lute/.npm/4fc1463c-e-npm-bindings-1-2-1-package-tgz.lock
666 silly gunzTarPerm modes [ '755', '644' ]
667 silly gunzTarPerm modes [ '755', '644' ]
668 silly gunzTarPerm extractEntry package.json
669 silly gunzTarPerm modified mode [ 'package.json', 436, 420 ]
670 silly gunzTarPerm extractEntry package.json
671 silly gunzTarPerm extractEntry README.md
672 silly gunzTarPerm modified mode [ 'README.md', 436, 420 ]
673 silly gunzTarPerm extractEntry include_dirs.js
674 silly gunzTarPerm modified mode [ 'include_dirs.js', 436, 420 ]
675 silly gunzTarPerm extractEntry README.md
676 silly gunzTarPerm extractEntry bindings.js
677 silly gunzTarPerm extractEntry LICENSE.md
678 silly gunzTarPerm modified mode [ 'LICENSE.md', 436, 420 ]
679 silly gunzTarPerm extractEntry .dntrc
680 silly gunzTarPerm modified mode [ '.dntrc', 436, 420 ]
681 silly lockFile 0bb1c924-ules-libpq-node-modules-bindings tar:///home/lute/work/quiz/node_modules/pg-native/node_modules/libpq/node_modules/bindings
682 silly lockFile 0bb1c924-ules-libpq-node-modules-bindings tar:///home/lute/work/quiz/node_modules/pg-native/node_modules/libpq/node_modules/bindings
683 silly lockFile 4fc1463c-e-npm-bindings-1-2-1-package-tgz tar:///home/lute/.npm/bindings/1.2.1/package.tgz
684 silly lockFile 4fc1463c-e-npm-bindings-1-2-1-package-tgz tar:///home/lute/.npm/bindings/1.2.1/package.tgz
685 info preinstall bindings@1.2.1
686 verbose readDependencies using package.json deps
687 verbose readDependencies using package.json deps
688 silly resolved []
689 verbose about to build /home/lute/work/quiz/node_modules/pg-native/node_modules/libpq/node_modules/bindings
690 info build /home/lute/work/quiz/node_modules/pg-native/node_modules/libpq/node_modules/bindings
691 verbose linkStuff [ false,
691 verbose linkStuff   false,
691 verbose linkStuff   false,
691 verbose linkStuff   '/home/lute/work/quiz/node_modules/pg-native/node_modules/libpq/node_modules' ]
692 info linkStuff bindings@1.2.1
693 verbose linkBins bindings@1.2.1
694 verbose linkMans bindings@1.2.1
695 verbose rebuildBundles bindings@1.2.1
696 info install bindings@1.2.1
697 info postinstall bindings@1.2.1
698 silly gunzTarPerm extractEntry appveyor.yml
699 silly gunzTarPerm modified mode [ 'appveyor.yml', 436, 420 ]
700 silly gunzTarPerm extractEntry nan.h
701 silly gunzTarPerm modified mode [ 'nan.h', 436, 420 ]
702 silly gunzTarPerm extractEntry nan_implementation_12_inl.h
703 silly gunzTarPerm modified mode [ 'nan_implementation_12_inl.h', 436, 420 ]
704 silly gunzTarPerm extractEntry nan_implementation_pre_12_inl.h
705 silly gunzTarPerm modified mode [ 'nan_implementation_pre_12_inl.h', 436, 420 ]
706 silly gunzTarPerm extractEntry nan_new.h
707 silly gunzTarPerm modified mode [ 'nan_new.h', 436, 420 ]
708 silly gunzTarPerm extractEntry nan_string_bytes.h
709 silly gunzTarPerm modified mode [ 'nan_string_bytes.h', 436, 420 ]
710 silly gunzTarPerm extractEntry CHANGELOG.md
711 silly gunzTarPerm modified mode [ 'CHANGELOG.md', 436, 420 ]
712 silly lockFile e859b542-e-modules-libpq-node-modules-nan tar:///home/lute/work/quiz/node_modules/pg-native/node_modules/libpq/node_modules/nan
713 silly lockFile e859b542-e-modules-libpq-node-modules-nan tar:///home/lute/work/quiz/node_modules/pg-native/node_modules/libpq/node_modules/nan
714 silly lockFile 19601c38-e-lute-npm-nan-1-8-4-package-tgz tar:///home/lute/.npm/nan/1.8.4/package.tgz
715 silly lockFile 19601c38-e-lute-npm-nan-1-8-4-package-tgz tar:///home/lute/.npm/nan/1.8.4/package.tgz
716 info preinstall nan@1.8.4
717 verbose readDependencies using package.json deps
718 verbose readDependencies using package.json deps
719 silly resolved []
720 verbose about to build /home/lute/work/quiz/node_modules/pg-native/node_modules/libpq/node_modules/nan
721 info build /home/lute/work/quiz/node_modules/pg-native/node_modules/libpq/node_modules/nan
722 verbose linkStuff [ false,
722 verbose linkStuff   false,
722 verbose linkStuff   false,
722 verbose linkStuff   '/home/lute/work/quiz/node_modules/pg-native/node_modules/libpq/node_modules' ]
723 info linkStuff nan@1.8.4
724 verbose linkBins nan@1.8.4
725 verbose linkMans nan@1.8.4
726 verbose rebuildBundles nan@1.8.4
727 info install nan@1.8.4
728 info postinstall nan@1.8.4
729 verbose about to build /home/lute/work/quiz/node_modules/pg-native/node_modules/libpq
730 info build /home/lute/work/quiz/node_modules/pg-native/node_modules/libpq
731 verbose linkStuff [ false,
731 verbose linkStuff   false,
731 verbose linkStuff   false,
731 verbose linkStuff   '/home/lute/work/quiz/node_modules/pg-native/node_modules' ]
732 info linkStuff libpq@1.6.4
733 verbose linkBins libpq@1.6.4
734 verbose linkMans libpq@1.6.4
735 verbose rebuildBundles libpq@1.6.4
736 verbose rebuildBundles [ 'bindings', 'nan' ]
737 info install libpq@1.6.4
738 verbose unsafe-perm in lifecycle true
739 info libpq@1.6.4 Failed to exec install script
740 verbose node_modules/pg-native/node_modules/libpq unbuild
741 warn This failure might be due to the use of legacy binary "node"
742 warn For further explanations, please read
/usr/share/doc/nodejs/README.Debian
743 info preuninstall libpq@1.6.4
744 info uninstall libpq@1.6.4
745 verbose false,/home/lute/work/quiz/node_modules,/home/lute/work/quiz/node_modules/pg-native/node_modules unbuild libpq@1.6.4
746 info postuninstall libpq@1.6.4
747 verbose about to build /home/lute/work/quiz/node_modules/pg-native
748 verbose node_modules/pg-native unbuild
749 info preuninstall pg-native@1.8.1
750 info uninstall pg-native@1.8.1
751 verbose true,/home/lute/work/quiz/node_modules,/home/lute/work/quiz/node_modules unbuild pg-native@1.8.1
752 info postuninstall pg-native@1.8.1
753 error libpq@1.6.4 install: `node-gyp rebuild`
753 error Exit status 1
754 error Failed at the libpq@1.6.4 install script.
754 error This is most likely a problem with the libpq package,
754 error not with npm itself.
754 error Tell the author that this fails on your system:
754 error     node-gyp rebuild
754 error You can get their info via:
754 error     npm owner ls libpq
754 error There is likely additional logging output above.
755 error System Linux 3.16.0-4-amd64
756 error command "/usr/bin/nodejs" "/usr/bin/npm" "install" "pg-native"
757 error cwd /home/lute/work/quiz
758 error node -v v0.10.29
759 error npm -v 1.4.21
760 error code ELIFECYCLE
761 verbose exit [ 1, true ]
